{"C:\\Users\\ferra\\Documents\\Federico\\UniMelb\\Year 3\\Sem2\\AI_Use_Scale_APP\\secondo\\AI_Usescale_APP\\client\\src\\GLOBALS\\Globals.jsx": {"path":"C:\\Users\\ferra\\Documents\\Federico\\UniMelb\\Year 3\\Sem2\\AI_Use_Scale_APP\\secondo\\AI_Usescale_APP\\client\\src\\GLOBALS\\Globals.jsx","statementMap":{"0":{"start":{"line":1,"column":13},"end":{"line":1,"column":36}}},"fnMap":{},"branchMap":{},"s":{"0":2},"f":{},"b":{},"_coverageSchema":"1a1c01bbd47fc00a2c39e90264f33305004495a9","hash":"29e70bfe8f379222008cdc94bebf2e7f8af40631"}
,"C:\\Users\\ferra\\Documents\\Federico\\UniMelb\\Year 3\\Sem2\\AI_Use_Scale_APP\\secondo\\AI_Usescale_APP\\client\\src\\components\\BaseTemplatesSection.jsx": {"path":"C:\\Users\\ferra\\Documents\\Federico\\UniMelb\\Year 3\\Sem2\\AI_Use_Scale_APP\\secondo\\AI_Usescale_APP\\client\\src\\components\\BaseTemplatesSection.jsx","statementMap":{"0":{"start":{"line":6,"column":24},"end":{"line":12,"column":3}},"1":{"start":{"line":14,"column":2},"end":{"line":47,"column":4}},"2":{"start":{"line":19,"column":10},"end":{"line":43,"column":11}},"3":{"start":{"line":21,"column":12},"end":{"line":29,"column":14}},"4":{"start":{"line":26,"column":18},"end":{"line":26,"column":96}},"5":{"start":{"line":30,"column":17},"end":{"line":43,"column":11}},"6":{"start":{"line":32,"column":12},"end":{"line":39,"column":14}},"7":{"start":{"line":36,"column":31},"end":{"line":36,"column":57}},"8":{"start":{"line":42,"column":12},"end":{"line":42,"column":53}}},"fnMap":{"0":{"name":"BaseTemplatesSection","decl":{"start":{"line":5,"column":24},"end":{"line":5,"column":44}},"loc":{"start":{"line":5,"column":101},"end":{"line":48,"column":1}},"line":5},"1":{"name":"(anonymous_1)","decl":{"start":{"line":18,"column":27},"end":{"line":18,"column":28}},"loc":{"start":{"line":18,"column":43},"end":{"line":44,"column":9}},"line":18},"2":{"name":"(anonymous_2)","decl":{"start":{"line":25,"column":25},"end":{"line":25,"column":26}},"loc":{"start":{"line":26,"column":18},"end":{"line":26,"column":96}},"line":26},"3":{"name":"(anonymous_3)","decl":{"start":{"line":36,"column":25},"end":{"line":36,"column":26}},"loc":{"start":{"line":36,"column":31},"end":{"line":36,"column":57}},"line":36}},"branchMap":{"0":{"loc":{"start":{"line":19,"column":10},"end":{"line":43,"column":11}},"type":"if","locations":[{"start":{"line":19,"column":10},"end":{"line":43,"column":11}},{"start":{"line":30,"column":17},"end":{"line":43,"column":11}}],"line":19},"1":{"loc":{"start":{"line":26,"column":48},"end":{"line":26,"column":95}},"type":"cond-expr","locations":[{"start":{"line":26,"column":73},"end":{"line":26,"column":87}},{"start":{"line":26,"column":90},"end":{"line":26,"column":95}}],"line":26},"2":{"loc":{"start":{"line":30,"column":17},"end":{"line":43,"column":11}},"type":"if","locations":[{"start":{"line":30,"column":17},"end":{"line":43,"column":11}},{"start":{"line":40,"column":17},"end":{"line":43,"column":11}}],"line":30}},"s":{"0":1,"1":1,"2":5,"3":1,"4":1,"5":4,"6":1,"7":1,"8":3},"f":{"0":1,"1":5,"2":1,"3":1},"b":{"0":[1,4],"1":[1,0],"2":[1,3]},"_coverageSchema":"1a1c01bbd47fc00a2c39e90264f33305004495a9","hash":"3ad7c410396965e558671cd64095901ab3c7f3d8"}
,"C:\\Users\\ferra\\Documents\\Federico\\UniMelb\\Year 3\\Sem2\\AI_Use_Scale_APP\\secondo\\AI_Usescale_APP\\client\\src\\components\\CustomTemplatesSection.jsx": {"path":"C:\\Users\\ferra\\Documents\\Federico\\UniMelb\\Year 3\\Sem2\\AI_Use_Scale_APP\\secondo\\AI_Usescale_APP\\client\\src\\components\\CustomTemplatesSection.jsx","statementMap":{"0":{"start":{"line":28,"column":19},"end":{"line":28,"column":32}},"1":{"start":{"line":30,"column":30},"end":{"line":30,"column":42}},"2":{"start":{"line":31,"column":46},"end":{"line":31,"column":71}},"3":{"start":{"line":32,"column":2},"end":{"line":34,"column":18}},"4":{"start":{"line":33,"column":4},"end":{"line":33,"column":39}},"5":{"start":{"line":37,"column":20},"end":{"line":66,"column":3}},"6":{"start":{"line":38,"column":21},"end":{"line":38,"column":86}},"7":{"start":{"line":39,"column":4},"end":{"line":39,"column":26}},"8":{"start":{"line":39,"column":19},"end":{"line":39,"column":26}},"9":{"start":{"line":41,"column":4},"end":{"line":65,"column":5}},"10":{"start":{"line":42,"column":18},"end":{"line":49,"column":8}},"11":{"start":{"line":50,"column":19},"end":{"line":50,"column":35}},"12":{"start":{"line":52,"column":6},"end":{"line":61,"column":7}},"13":{"start":{"line":54,"column":8},"end":{"line":58,"column":10}},"14":{"start":{"line":55,"column":10},"end":{"line":57,"column":11}},"15":{"start":{"line":56,"column":12},"end":{"line":56,"column":55}},"16":{"start":{"line":60,"column":8},"end":{"line":60,"column":55}},"17":{"start":{"line":63,"column":6},"end":{"line":63,"column":50}},"18":{"start":{"line":64,"column":6},"end":{"line":64,"column":36}},"19":{"start":{"line":69,"column":25},"end":{"line":91,"column":3}},"20":{"start":{"line":70,"column":26},"end":{"line":70,"column":90}},"21":{"start":{"line":71,"column":4},"end":{"line":71,"column":31}},"22":{"start":{"line":71,"column":24},"end":{"line":71,"column":31}},"23":{"start":{"line":73,"column":4},"end":{"line":90,"column":5}},"24":{"start":{"line":74,"column":18},"end":{"line":78,"column":8}},"25":{"start":{"line":79,"column":19},"end":{"line":79,"column":35}},"26":{"start":{"line":81,"column":6},"end":{"line":86,"column":7}},"27":{"start":{"line":83,"column":8},"end":{"line":83,"column":69}},"28":{"start":{"line":83,"column":36},"end":{"line":83,"column":67}},"29":{"start":{"line":83,"column":55},"end":{"line":83,"column":66}},"30":{"start":{"line":85,"column":8},"end":{"line":85,"column":58}},"31":{"start":{"line":88,"column":6},"end":{"line":88,"column":53}},"32":{"start":{"line":89,"column":6},"end":{"line":89,"column":39}},"33":{"start":{"line":94,"column":19},"end":{"line":117,"column":3}},"34":{"start":{"line":95,"column":4},"end":{"line":116,"column":5}},"35":{"start":{"line":96,"column":18},"end":{"line":100,"column":8}},"36":{"start":{"line":101,"column":19},"end":{"line":101,"column":35}},"37":{"start":{"line":103,"column":6},"end":{"line":112,"column":7}},"38":{"start":{"line":104,"column":8},"end":{"line":107,"column":11}},"39":{"start":{"line":104,"column":34},"end":{"line":107,"column":9}},"40":{"start":{"line":111,"column":8},"end":{"line":111,"column":55}},"41":{"start":{"line":114,"column":6},"end":{"line":114,"column":52}},"42":{"start":{"line":115,"column":6},"end":{"line":115,"column":37}},"43":{"start":{"line":120,"column":28},"end":{"line":122,"column":3}},"44":{"start":{"line":121,"column":4},"end":{"line":121,"column":54}},"45":{"start":{"line":124,"column":2},"end":{"line":162,"column":4}},"46":{"start":{"line":132,"column":12},"end":{"line":132,"column":29}},"47":{"start":{"line":138,"column":4},"end":{"line":158,"column":10}},"48":{"start":{"line":143,"column":10},"end":{"line":143,"column":49}},"49":{"start":{"line":150,"column":66},"end":{"line":150,"column":86}},"50":{"start":{"line":151,"column":67},"end":{"line":151,"column":79}},"51":{"start":{"line":152,"column":73},"end":{"line":152,"column":91}}},"fnMap":{"0":{"name":"CustomTemplatesSection","decl":{"start":{"line":23,"column":24},"end":{"line":23,"column":46}},"loc":{"start":{"line":23,"column":79},"end":{"line":163,"column":1}},"line":23},"1":{"name":"(anonymous_1)","decl":{"start":{"line":32,"column":12},"end":{"line":32,"column":13}},"loc":{"start":{"line":32,"column":18},"end":{"line":34,"column":3}},"line":32},"2":{"name":"(anonymous_2)","decl":{"start":{"line":37,"column":20},"end":{"line":37,"column":21}},"loc":{"start":{"line":37,"column":44},"end":{"line":66,"column":3}},"line":37},"3":{"name":"(anonymous_3)","decl":{"start":{"line":54,"column":26},"end":{"line":54,"column":27}},"loc":{"start":{"line":55,"column":10},"end":{"line":57,"column":11}},"line":55},"4":{"name":"(anonymous_4)","decl":{"start":{"line":55,"column":19},"end":{"line":55,"column":20}},"loc":{"start":{"line":56,"column":12},"end":{"line":56,"column":55}},"line":56},"5":{"name":"(anonymous_5)","decl":{"start":{"line":69,"column":25},"end":{"line":69,"column":26}},"loc":{"start":{"line":69,"column":39},"end":{"line":91,"column":3}},"line":69},"6":{"name":"(anonymous_6)","decl":{"start":{"line":83,"column":26},"end":{"line":83,"column":27}},"loc":{"start":{"line":83,"column":36},"end":{"line":83,"column":67}},"line":83},"7":{"name":"(anonymous_7)","decl":{"start":{"line":83,"column":48},"end":{"line":83,"column":49}},"loc":{"start":{"line":83,"column":55},"end":{"line":83,"column":66}},"line":83},"8":{"name":"(anonymous_8)","decl":{"start":{"line":94,"column":19},"end":{"line":94,"column":20}},"loc":{"start":{"line":94,"column":33},"end":{"line":117,"column":3}},"line":94},"9":{"name":"(anonymous_9)","decl":{"start":{"line":104,"column":26},"end":{"line":104,"column":27}},"loc":{"start":{"line":104,"column":34},"end":{"line":107,"column":9}},"line":104},"10":{"name":"(anonymous_10)","decl":{"start":{"line":120,"column":50},"end":{"line":120,"column":51}},"loc":{"start":{"line":121,"column":4},"end":{"line":121,"column":54}},"line":121},"11":{"name":"(anonymous_11)","decl":{"start":{"line":130,"column":26},"end":{"line":130,"column":27}},"loc":{"start":{"line":130,"column":32},"end":{"line":130,"column":34}},"line":130},"12":{"name":"(anonymous_12)","decl":{"start":{"line":131,"column":20},"end":{"line":131,"column":21}},"loc":{"start":{"line":131,"column":31},"end":{"line":133,"column":11}},"line":131},"13":{"name":"(anonymous_13)","decl":{"start":{"line":137,"column":25},"end":{"line":137,"column":26}},"loc":{"start":{"line":138,"column":4},"end":{"line":158,"column":10}},"line":138},"14":{"name":"(anonymous_14)","decl":{"start":{"line":142,"column":17},"end":{"line":142,"column":18}},"loc":{"start":{"line":142,"column":23},"end":{"line":144,"column":9}},"line":142},"15":{"name":"(anonymous_15)","decl":{"start":{"line":150,"column":60},"end":{"line":150,"column":61}},"loc":{"start":{"line":150,"column":66},"end":{"line":150,"column":86}},"line":150},"16":{"name":"(anonymous_16)","decl":{"start":{"line":151,"column":61},"end":{"line":151,"column":62}},"loc":{"start":{"line":151,"column":67},"end":{"line":151,"column":79}},"line":151},"17":{"name":"(anonymous_17)","decl":{"start":{"line":152,"column":67},"end":{"line":152,"column":68}},"loc":{"start":{"line":152,"column":73},"end":{"line":152,"column":91}},"line":152}},"branchMap":{"0":{"loc":{"start":{"line":31,"column":55},"end":{"line":31,"column":70}},"type":"binary-expr","locations":[{"start":{"line":31,"column":55},"end":{"line":31,"column":64}},{"start":{"line":31,"column":68},"end":{"line":31,"column":70}}],"line":31},"1":{"loc":{"start":{"line":33,"column":22},"end":{"line":33,"column":37}},"type":"binary-expr","locations":[{"start":{"line":33,"column":22},"end":{"line":33,"column":31}},{"start":{"line":33,"column":35},"end":{"line":33,"column":37}}],"line":33},"2":{"loc":{"start":{"line":38,"column":54},"end":{"line":38,"column":85}},"type":"binary-expr","locations":[{"start":{"line":38,"column":54},"end":{"line":38,"column":62}},{"start":{"line":38,"column":66},"end":{"line":38,"column":85}}],"line":38},"3":{"loc":{"start":{"line":39,"column":4},"end":{"line":39,"column":26}},"type":"if","locations":[{"start":{"line":39,"column":4},"end":{"line":39,"column":26}},{"start":{},"end":{}}],"line":39},"4":{"loc":{"start":{"line":52,"column":6},"end":{"line":61,"column":7}},"type":"if","locations":[{"start":{"line":52,"column":6},"end":{"line":61,"column":7}},{"start":{"line":59,"column":13},"end":{"line":61,"column":7}}],"line":52},"5":{"loc":{"start":{"line":56,"column":12},"end":{"line":56,"column":55}},"type":"cond-expr","locations":[{"start":{"line":56,"column":26},"end":{"line":56,"column":51}},{"start":{"line":56,"column":54},"end":{"line":56,"column":55}}],"line":56},"6":{"loc":{"start":{"line":71,"column":4},"end":{"line":71,"column":31}},"type":"if","locations":[{"start":{"line":71,"column":4},"end":{"line":71,"column":31}},{"start":{},"end":{}}],"line":71},"7":{"loc":{"start":{"line":81,"column":6},"end":{"line":86,"column":7}},"type":"if","locations":[{"start":{"line":81,"column":6},"end":{"line":86,"column":7}},{"start":{"line":84,"column":13},"end":{"line":86,"column":7}}],"line":81},"8":{"loc":{"start":{"line":103,"column":6},"end":{"line":112,"column":7}},"type":"if","locations":[{"start":{"line":103,"column":6},"end":{"line":112,"column":7}},{"start":{"line":110,"column":13},"end":{"line":112,"column":7}}],"line":103}},"s":{"0":3,"1":3,"2":3,"3":3,"4":1,"5":3,"6":0,"7":0,"8":0,"9":0,"10":0,"11":0,"12":0,"13":0,"14":0,"15":0,"16":0,"17":0,"18":0,"19":3,"20":0,"21":0,"22":0,"23":0,"24":0,"25":0,"26":0,"27":0,"28":0,"29":0,"30":0,"31":0,"32":0,"33":3,"34":0,"35":0,"36":0,"37":0,"38":0,"39":0,"40":0,"41":0,"42":0,"43":3,"44":9,"45":3,"46":1,"47":5,"48":1,"49":0,"50":0,"51":0},"f":{"0":3,"1":1,"2":0,"3":0,"4":0,"5":0,"6":0,"7":0,"8":0,"9":0,"10":9,"11":0,"12":1,"13":5,"14":1,"15":0,"16":0,"17":0},"b":{"0":[3,0],"1":[1,0],"2":[0,0],"3":[0,0],"4":[0,0],"5":[0,0],"6":[0,0],"7":[0,0],"8":[0,0]},"_coverageSchema":"1a1c01bbd47fc00a2c39e90264f33305004495a9","hash":"a79fe92de1c57ea3877f5be603dbd65b391e6791"}
,"C:\\Users\\ferra\\Documents\\Federico\\UniMelb\\Year 3\\Sem2\\AI_Use_Scale_APP\\secondo\\AI_Usescale_APP\\client\\src\\components\\Dashboard.jsx": {"path":"C:\\Users\\ferra\\Documents\\Federico\\UniMelb\\Year 3\\Sem2\\AI_Use_Scale_APP\\secondo\\AI_Usescale_APP\\client\\src\\components\\Dashboard.jsx","statementMap":{"0":{"start":{"line":5,"column":2},"end":{"line":5,"column":61}}},"fnMap":{"0":{"name":"Dashboard","decl":{"start":{"line":3,"column":24},"end":{"line":3,"column":33}},"loc":{"start":{"line":3,"column":48},"end":{"line":6,"column":1}},"line":3}},"branchMap":{},"s":{"0":1},"f":{"0":1},"b":{},"_coverageSchema":"1a1c01bbd47fc00a2c39e90264f33305004495a9","hash":"e40e8ca6bbf9a00bd526bae9d8d0aaad70afde28"}
,"C:\\Users\\ferra\\Documents\\Federico\\UniMelb\\Year 3\\Sem2\\AI_Use_Scale_APP\\secondo\\AI_Usescale_APP\\client\\src\\components\\DropdownTagInput.jsx": {"path":"C:\\Users\\ferra\\Documents\\Federico\\UniMelb\\Year 3\\Sem2\\AI_Use_Scale_APP\\secondo\\AI_Usescale_APP\\client\\src\\components\\DropdownTagInput.jsx","statementMap":{"0":{"start":{"line":6,"column":34},"end":{"line":6,"column":46}},"1":{"start":{"line":8,"column":23},"end":{"line":10,"column":3}},"2":{"start":{"line":9,"column":4},"end":{"line":9,"column":32}},"3":{"start":{"line":12,"column":25},"end":{"line":14,"column":3}},"4":{"start":{"line":13,"column":4},"end":{"line":13,"column":20}},"5":{"start":{"line":16,"column":2},"end":{"line":40,"column":4}},"6":{"start":{"line":33,"column":12},"end":{"line":35,"column":21}}},"fnMap":{"0":{"name":"DropdownTagInput","decl":{"start":{"line":5,"column":24},"end":{"line":5,"column":40}},"loc":{"start":{"line":5,"column":72},"end":{"line":41,"column":1}},"line":5},"1":{"name":"(anonymous_1)","decl":{"start":{"line":8,"column":23},"end":{"line":8,"column":24}},"loc":{"start":{"line":8,"column":30},"end":{"line":10,"column":3}},"line":8},"2":{"name":"(anonymous_2)","decl":{"start":{"line":12,"column":25},"end":{"line":12,"column":26}},"loc":{"start":{"line":12,"column":31},"end":{"line":14,"column":3}},"line":12},"3":{"name":"(anonymous_3)","decl":{"start":{"line":32,"column":23},"end":{"line":32,"column":24}},"loc":{"start":{"line":33,"column":12},"end":{"line":35,"column":21}},"line":33}},"branchMap":{"0":{"loc":{"start":{"line":5,"column":56},"end":{"line":5,"column":68}},"type":"default-arg","locations":[{"start":{"line":5,"column":66},"end":{"line":5,"column":68}}],"line":5},"1":{"loc":{"start":{"line":18,"column":7},"end":{"line":38,"column":7}},"type":"cond-expr","locations":[{"start":{"line":19,"column":8},"end":{"line":22,"column":14}},{"start":{"line":24,"column":8},"end":{"line":37,"column":17}}],"line":18}},"s":{"0":3,"1":3,"2":1,"3":3,"4":1,"5":3,"6":6},"f":{"0":3,"1":1,"2":1,"3":6},"b":{"0":[0],"1":[1,2]},"_coverageSchema":"1a1c01bbd47fc00a2c39e90264f33305004495a9","hash":"2cf62af6bdda2973eef3fe777297d2d07d146a6f"}
,"C:\\Users\\ferra\\Documents\\Federico\\UniMelb\\Year 3\\Sem2\\AI_Use_Scale_APP\\secondo\\AI_Usescale_APP\\client\\src\\components\\ExportButton.jsx": {"path":"C:\\Users\\ferra\\Documents\\Federico\\UniMelb\\Year 3\\Sem2\\AI_Use_Scale_APP\\secondo\\AI_Usescale_APP\\client\\src\\components\\ExportButton.jsx","statementMap":{"0":{"start":{"line":10,"column":36},"end":{"line":10,"column":51}},"1":{"start":{"line":11,"column":66},"end":{"line":11,"column":80}},"2":{"start":{"line":12,"column":54},"end":{"line":12,"column":69}},"3":{"start":{"line":14,"column":19},"end":{"line":14,"column":31}},"4":{"start":{"line":15,"column":20},"end":{"line":15,"column":32}},"5":{"start":{"line":17,"column":23},"end":{"line":142,"column":3}},"6":{"start":{"line":18,"column":16},"end":{"line":18,"column":77}},"7":{"start":{"line":21,"column":4},"end":{"line":30,"column":5}},"8":{"start":{"line":22,"column":20},"end":{"line":22,"column":57}},"9":{"start":{"line":23,"column":6},"end":{"line":29,"column":7}},"10":{"start":{"line":24,"column":19},"end":{"line":24,"column":51}},"11":{"start":{"line":25,"column":19},"end":{"line":25,"column":40}},"12":{"start":{"line":26,"column":8},"end":{"line":26,"column":55}},"13":{"start":{"line":27,"column":22},"end":{"line":27,"column":73}},"14":{"start":{"line":28,"column":8},"end":{"line":28,"column":89}},"15":{"start":{"line":33,"column":4},"end":{"line":139,"column":3}},"16":{"start":{"line":34,"column":20},"end":{"line":34,"column":57}},"17":{"start":{"line":35,"column":6},"end":{"line":38,"column":7}},"18":{"start":{"line":36,"column":8},"end":{"line":36,"column":47}},"19":{"start":{"line":37,"column":8},"end":{"line":37,"column":15}},"20":{"start":{"line":40,"column":20},"end":{"line":40,"column":80}},"21":{"start":{"line":42,"column":26},"end":{"line":47,"column":1}},"22":{"start":{"line":49,"column":17},"end":{"line":62,"column":45}},"23":{"start":{"line":52,"column":21},"end":{"line":52,"column":32}},"24":{"start":{"line":53,"column":18},"end":{"line":53,"column":20}},"25":{"start":{"line":54,"column":4},"end":{"line":57,"column":5}},"26":{"start":{"line":55,"column":6},"end":{"line":55,"column":63}},"27":{"start":{"line":56,"column":6},"end":{"line":56,"column":52}},"28":{"start":{"line":58,"column":27},"end":{"line":58,"column":62}},"29":{"start":{"line":59,"column":30},"end":{"line":59,"column":65}},"30":{"start":{"line":60,"column":6},"end":{"line":60,"column":54}},"31":{"start":{"line":62,"column":17},"end":{"line":62,"column":44}},"32":{"start":{"line":62,"column":32},"end":{"line":62,"column":43}},"33":{"start":{"line":64,"column":4},"end":{"line":66,"column":6}},"34":{"start":{"line":64,"column":44},"end":{"line":64,"column":61}},"35":{"start":{"line":65,"column":6},"end":{"line":65,"column":19}},"36":{"start":{"line":68,"column":18},"end":{"line":68,"column":66}},"37":{"start":{"line":69,"column":4},"end":{"line":75,"column":7}},"38":{"start":{"line":70,"column":21},"end":{"line":70,"column":40}},"39":{"start":{"line":71,"column":21},"end":{"line":71,"column":40}},"40":{"start":{"line":72,"column":20},"end":{"line":72,"column":53}},"41":{"start":{"line":73,"column":20},"end":{"line":73,"column":53}},"42":{"start":{"line":74,"column":6},"end":{"line":74,"column":27}},"43":{"start":{"line":79,"column":4},"end":{"line":82,"column":5}},"44":{"start":{"line":80,"column":6},"end":{"line":80,"column":42}},"45":{"start":{"line":81,"column":6},"end":{"line":81,"column":13}},"46":{"start":{"line":84,"column":21},"end":{"line":84,"column":23}},"47":{"start":{"line":85,"column":4},"end":{"line":95,"column":1}},"48":{"start":{"line":85,"column":17},"end":{"line":85,"column":18}},"49":{"start":{"line":86,"column":20},"end":{"line":86,"column":30}},"50":{"start":{"line":87,"column":17},"end":{"line":87,"column":18}},"51":{"start":{"line":88,"column":2},"end":{"line":92,"column":3}},"52":{"start":{"line":88,"column":15},"end":{"line":88,"column":20}},"53":{"start":{"line":89,"column":4},"end":{"line":91,"column":17}},"54":{"start":{"line":90,"column":6},"end":{"line":90,"column":13}},"55":{"start":{"line":91,"column":11},"end":{"line":91,"column":17}},"56":{"start":{"line":93,"column":2},"end":{"line":93,"column":35}},"57":{"start":{"line":93,"column":16},"end":{"line":93,"column":35}},"58":{"start":{"line":94,"column":2},"end":{"line":94,"column":16}},"59":{"start":{"line":97,"column":16},"end":{"line":97,"column":27}},"60":{"start":{"line":98,"column":4},"end":{"line":98,"column":37}},"61":{"start":{"line":99,"column":4},"end":{"line":99,"column":28}},"62":{"start":{"line":100,"column":4},"end":{"line":100,"column":38}},"63":{"start":{"line":101,"column":4},"end":{"line":137,"column":5}},"64":{"start":{"line":117,"column":4},"end":{"line":120,"column":5}},"65":{"start":{"line":118,"column":20},"end":{"line":118,"column":33}},"66":{"start":{"line":119,"column":6},"end":{"line":119,"column":78}},"67":{"start":{"line":119,"column":30},"end":{"line":119,"column":78}},"68":{"start":{"line":122,"column":4},"end":{"line":134,"column":5}},"69":{"start":{"line":123,"column":6},"end":{"line":133,"column":7}},"70":{"start":{"line":124,"column":8},"end":{"line":124,"column":53}},"71":{"start":{"line":126,"column":8},"end":{"line":132,"column":9}},"72":{"start":{"line":127,"column":23},"end":{"line":127,"column":38}},"73":{"start":{"line":128,"column":27},"end":{"line":128,"column":46}},"74":{"start":{"line":129,"column":10},"end":{"line":131,"column":11}},"75":{"start":{"line":130,"column":12},"end":{"line":130,"column":32}},"76":{"start":{"line":138,"column":4},"end":{"line":138,"column":42}},"77":{"start":{"line":141,"column":4},"end":{"line":141,"column":24}},"78":{"start":{"line":144,"column":20},"end":{"line":144,"column":66}},"79":{"start":{"line":146,"column":2},"end":{"line":167,"column":18}},"80":{"start":{"line":147,"column":31},"end":{"line":156,"column":5}},"81":{"start":{"line":148,"column":6},"end":{"line":155,"column":7}},"82":{"start":{"line":154,"column":8},"end":{"line":154,"column":28}},"83":{"start":{"line":158,"column":4},"end":{"line":162,"column":5}},"84":{"start":{"line":159,"column":6},"end":{"line":159,"column":65}},"85":{"start":{"line":161,"column":6},"end":{"line":161,"column":68}},"86":{"start":{"line":164,"column":4},"end":{"line":166,"column":6}},"87":{"start":{"line":165,"column":6},"end":{"line":165,"column":68}},"88":{"start":{"line":169,"column":2},"end":{"line":210,"column":4}},"89":{"start":{"line":171,"column":68},"end":{"line":171,"column":92}},"90":{"start":{"line":184,"column":30},"end":{"line":184,"column":84}},"91":{"start":{"line":194,"column":30},"end":{"line":194,"column":72}}},"fnMap":{"0":{"name":"ExportButton","decl":{"start":{"line":9,"column":24},"end":{"line":9,"column":36}},"loc":{"start":{"line":9,"column":121},"end":{"line":211,"column":1}},"line":9},"1":{"name":"(anonymous_1)","decl":{"start":{"line":17,"column":23},"end":{"line":17,"column":24}},"loc":{"start":{"line":17,"column":29},"end":{"line":142,"column":3}},"line":17},"2":{"name":"(anonymous_2)","decl":{"start":{"line":51,"column":9},"end":{"line":51,"column":10}},"loc":{"start":{"line":51,"column":15},"end":{"line":61,"column":5}},"line":51},"3":{"name":"(anonymous_3)","decl":{"start":{"line":62,"column":12},"end":{"line":62,"column":13}},"loc":{"start":{"line":62,"column":17},"end":{"line":62,"column":44}},"line":62},"4":{"name":"(anonymous_4)","decl":{"start":{"line":62,"column":24},"end":{"line":62,"column":25}},"loc":{"start":{"line":62,"column":32},"end":{"line":62,"column":43}},"line":62},"5":{"name":"(anonymous_5)","decl":{"start":{"line":64,"column":39},"end":{"line":64,"column":40}},"loc":{"start":{"line":64,"column":44},"end":{"line":64,"column":61}},"line":64},"6":{"name":"(anonymous_6)","decl":{"start":{"line":64,"column":69},"end":{"line":64,"column":70}},"loc":{"start":{"line":65,"column":6},"end":{"line":65,"column":19}},"line":65},"7":{"name":"(anonymous_7)","decl":{"start":{"line":69,"column":14},"end":{"line":69,"column":15}},"loc":{"start":{"line":69,"column":24},"end":{"line":75,"column":5}},"line":69},"8":{"name":"(anonymous_8)","decl":{"start":{"line":116,"column":16},"end":{"line":116,"column":17}},"loc":{"start":{"line":116,"column":32},"end":{"line":136,"column":5}},"line":116},"9":{"name":"(anonymous_9)","decl":{"start":{"line":146,"column":12},"end":{"line":146,"column":13}},"loc":{"start":{"line":146,"column":18},"end":{"line":167,"column":3}},"line":146},"10":{"name":"(anonymous_10)","decl":{"start":{"line":147,"column":31},"end":{"line":147,"column":32}},"loc":{"start":{"line":147,"column":42},"end":{"line":156,"column":5}},"line":147},"11":{"name":"(anonymous_11)","decl":{"start":{"line":164,"column":11},"end":{"line":164,"column":12}},"loc":{"start":{"line":164,"column":17},"end":{"line":166,"column":5}},"line":164},"12":{"name":"(anonymous_12)","decl":{"start":{"line":171,"column":62},"end":{"line":171,"column":63}},"loc":{"start":{"line":171,"column":68},"end":{"line":171,"column":92}},"line":171},"13":{"name":"(anonymous_13)","decl":{"start":{"line":184,"column":24},"end":{"line":184,"column":25}},"loc":{"start":{"line":184,"column":30},"end":{"line":184,"column":84}},"line":184},"14":{"name":"(anonymous_14)","decl":{"start":{"line":194,"column":24},"end":{"line":194,"column":25}},"loc":{"start":{"line":194,"column":30},"end":{"line":194,"column":72}},"line":194}},"branchMap":{"0":{"loc":{"start":{"line":9,"column":39},"end":{"line":9,"column":77}},"type":"default-arg","locations":[{"start":{"line":9,"column":55},"end":{"line":9,"column":77}}],"line":9},"1":{"loc":{"start":{"line":9,"column":79},"end":{"line":9,"column":117}},"type":"default-arg","locations":[{"start":{"line":9,"column":95},"end":{"line":9,"column":117}}],"line":9},"2":{"loc":{"start":{"line":18,"column":16},"end":{"line":18,"column":77}},"type":"binary-expr","locations":[{"start":{"line":18,"column":16},"end":{"line":18,"column":66}},{"start":{"line":18,"column":70},"end":{"line":18,"column":77}}],"line":18},"3":{"loc":{"start":{"line":21,"column":4},"end":{"line":30,"column":5}},"type":"if","locations":[{"start":{"line":21,"column":4},"end":{"line":30,"column":5}},{"start":{},"end":{}}],"line":21},"4":{"loc":{"start":{"line":23,"column":6},"end":{"line":29,"column":7}},"type":"if","locations":[{"start":{"line":23,"column":6},"end":{"line":29,"column":7}},{"start":{},"end":{}}],"line":23},"5":{"loc":{"start":{"line":23,"column":10},"end":{"line":23,"column":36}},"type":"binary-expr","locations":[{"start":{"line":23,"column":10},"end":{"line":23,"column":15}},{"start":{"line":23,"column":19},"end":{"line":23,"column":36}}],"line":23},"6":{"loc":{"start":{"line":33,"column":4},"end":{"line":139,"column":3}},"type":"if","locations":[{"start":{"line":33,"column":4},"end":{"line":139,"column":3}},{"start":{},"end":{}}],"line":33},"7":{"loc":{"start":{"line":35,"column":6},"end":{"line":38,"column":7}},"type":"if","locations":[{"start":{"line":35,"column":6},"end":{"line":38,"column":7}},{"start":{},"end":{}}],"line":35},"8":{"loc":{"start":{"line":40,"column":20},"end":{"line":40,"column":80}},"type":"binary-expr","locations":[{"start":{"line":40,"column":20},"end":{"line":40,"column":68}},{"start":{"line":40,"column":72},"end":{"line":40,"column":80}}],"line":40},"9":{"loc":{"start":{"line":54,"column":4},"end":{"line":57,"column":5}},"type":"if","locations":[{"start":{"line":54,"column":4},"end":{"line":57,"column":5}},{"start":{},"end":{}}],"line":54},"10":{"loc":{"start":{"line":55,"column":16},"end":{"line":55,"column":62}},"type":"binary-expr","locations":[{"start":{"line":55,"column":16},"end":{"line":55,"column":56}},{"start":{"line":55,"column":60},"end":{"line":55,"column":62}}],"line":55},"11":{"loc":{"start":{"line":58,"column":27},"end":{"line":58,"column":62}},"type":"binary-expr","locations":[{"start":{"line":58,"column":27},"end":{"line":58,"column":56}},{"start":{"line":58,"column":60},"end":{"line":58,"column":62}}],"line":58},"12":{"loc":{"start":{"line":59,"column":30},"end":{"line":59,"column":65}},"type":"binary-expr","locations":[{"start":{"line":59,"column":30},"end":{"line":59,"column":59}},{"start":{"line":59,"column":63},"end":{"line":59,"column":65}}],"line":59},"13":{"loc":{"start":{"line":72,"column":20},"end":{"line":72,"column":53}},"type":"cond-expr","locations":[{"start":{"line":72,"column":36},"end":{"line":72,"column":44}},{"start":{"line":72,"column":47},"end":{"line":72,"column":53}}],"line":72},"14":{"loc":{"start":{"line":73,"column":20},"end":{"line":73,"column":53}},"type":"cond-expr","locations":[{"start":{"line":73,"column":36},"end":{"line":73,"column":44}},{"start":{"line":73,"column":47},"end":{"line":73,"column":53}}],"line":73},"15":{"loc":{"start":{"line":79,"column":4},"end":{"line":82,"column":5}},"type":"if","locations":[{"start":{"line":79,"column":4},"end":{"line":82,"column":5}},{"start":{},"end":{}}],"line":79},"16":{"loc":{"start":{"line":89,"column":4},"end":{"line":91,"column":17}},"type":"if","locations":[{"start":{"line":89,"column":4},"end":{"line":91,"column":17}},{"start":{"line":91,"column":11},"end":{"line":91,"column":17}}],"line":89},"17":{"loc":{"start":{"line":93,"column":2},"end":{"line":93,"column":35}},"type":"if","locations":[{"start":{"line":93,"column":2},"end":{"line":93,"column":35}},{"start":{},"end":{}}],"line":93},"18":{"loc":{"start":{"line":117,"column":4},"end":{"line":120,"column":5}},"type":"if","locations":[{"start":{"line":117,"column":4},"end":{"line":120,"column":5}},{"start":{},"end":{}}],"line":117},"19":{"loc":{"start":{"line":117,"column":8},"end":{"line":117,"column":58}},"type":"binary-expr","locations":[{"start":{"line":117,"column":8},"end":{"line":117,"column":31}},{"start":{"line":117,"column":35},"end":{"line":117,"column":58}}],"line":117},"20":{"loc":{"start":{"line":119,"column":6},"end":{"line":119,"column":78}},"type":"if","locations":[{"start":{"line":119,"column":6},"end":{"line":119,"column":78}},{"start":{},"end":{}}],"line":119},"21":{"loc":{"start":{"line":122,"column":4},"end":{"line":134,"column":5}},"type":"if","locations":[{"start":{"line":122,"column":4},"end":{"line":134,"column":5}},{"start":{},"end":{}}],"line":122},"22":{"loc":{"start":{"line":122,"column":8},"end":{"line":122,"column":58}},"type":"binary-expr","locations":[{"start":{"line":122,"column":8},"end":{"line":122,"column":31}},{"start":{"line":122,"column":35},"end":{"line":122,"column":58}}],"line":122},"23":{"loc":{"start":{"line":123,"column":6},"end":{"line":133,"column":7}},"type":"if","locations":[{"start":{"line":123,"column":6},"end":{"line":133,"column":7}},{"start":{"line":125,"column":13},"end":{"line":133,"column":7}}],"line":123},"24":{"loc":{"start":{"line":129,"column":10},"end":{"line":131,"column":11}},"type":"if","locations":[{"start":{"line":129,"column":10},"end":{"line":131,"column":11}},{"start":{},"end":{}}],"line":129},"25":{"loc":{"start":{"line":129,"column":14},"end":{"line":129,"column":75}},"type":"binary-expr","locations":[{"start":{"line":129,"column":14},"end":{"line":129,"column":39}},{"start":{"line":129,"column":43},"end":{"line":129,"column":75}}],"line":129},"26":{"loc":{"start":{"line":144,"column":20},"end":{"line":144,"column":66}},"type":"binary-expr","locations":[{"start":{"line":144,"column":20},"end":{"line":144,"column":44}},{"start":{"line":144,"column":48},"end":{"line":144,"column":66}}],"line":144},"27":{"loc":{"start":{"line":148,"column":6},"end":{"line":155,"column":7}},"type":"if","locations":[{"start":{"line":148,"column":6},"end":{"line":155,"column":7}},{"start":{},"end":{}}],"line":148},"28":{"loc":{"start":{"line":149,"column":8},"end":{"line":152,"column":49}},"type":"binary-expr","locations":[{"start":{"line":149,"column":8},"end":{"line":149,"column":24}},{"start":{"line":150,"column":8},"end":{"line":150,"column":48}},{"start":{"line":151,"column":8},"end":{"line":151,"column":25}},{"start":{"line":152,"column":8},"end":{"line":152,"column":49}}],"line":149},"29":{"loc":{"start":{"line":158,"column":4},"end":{"line":162,"column":5}},"type":"if","locations":[{"start":{"line":158,"column":4},"end":{"line":162,"column":5}},{"start":{"line":160,"column":11},"end":{"line":162,"column":5}}],"line":158},"30":{"loc":{"start":{"line":176,"column":7},"end":{"line":208,"column":7}},"type":"binary-expr","locations":[{"start":{"line":176,"column":7},"end":{"line":176,"column":16}},{"start":{"line":177,"column":8},"end":{"line":207,"column":14}}],"line":176}},"s":{"0":4,"1":4,"2":4,"3":4,"4":4,"5":4,"6":0,"7":0,"8":0,"9":0,"10":0,"11":0,"12":0,"13":0,"14":0,"15":0,"16":0,"17":0,"18":0,"19":0,"20":0,"21":0,"22":0,"23":0,"24":0,"25":0,"26":0,"27":0,"28":0,"29":0,"30":0,"31":0,"32":0,"33":0,"34":0,"35":0,"36":0,"37":0,"38":0,"39":0,"40":0,"41":0,"42":0,"43":0,"44":0,"45":0,"46":0,"47":0,"48":0,"49":0,"50":0,"51":0,"52":0,"53":0,"54":0,"55":0,"56":0,"57":0,"58":0,"59":0,"60":0,"61":0,"62":0,"63":0,"64":0,"65":0,"66":0,"67":0,"68":0,"69":0,"70":0,"71":0,"72":0,"73":0,"74":0,"75":0,"76":0,"77":0,"78":4,"79":4,"80":2,"81":2,"82":0,"83":2,"84":1,"85":1,"86":2,"87":2,"88":4,"89":1,"90":1,"91":1},"f":{"0":4,"1":0,"2":0,"3":0,"4":0,"5":0,"6":0,"7":0,"8":0,"9":2,"10":2,"11":2,"12":1,"13":1,"14":1},"b":{"0":[4],"1":[4],"2":[0,0],"3":[0,0],"4":[0,0],"5":[0,0],"6":[0,0],"7":[0,0],"8":[0,0],"9":[0,0],"10":[0,0],"11":[0,0],"12":[0,0],"13":[0,0],"14":[0,0],"15":[0,0],"16":[0,0],"17":[0,0],"18":[0,0],"19":[0,0],"20":[0,0],"21":[0,0],"22":[0,0],"23":[0,0],"24":[0,0],"25":[0,0],"26":[4,2],"27":[0,2],"28":[2,2,0,0],"29":[1,1],"30":[4,3]},"_coverageSchema":"1a1c01bbd47fc00a2c39e90264f33305004495a9","hash":"ed4780f34802439d7029a88b797e631fbbc8957e"}
,"C:\\Users\\ferra\\Documents\\Federico\\UniMelb\\Year 3\\Sem2\\AI_Use_Scale_APP\\secondo\\AI_Usescale_APP\\client\\src\\components\\FilterSearchBar.jsx": {"path":"C:\\Users\\ferra\\Documents\\Federico\\UniMelb\\Year 3\\Sem2\\AI_Use_Scale_APP\\secondo\\AI_Usescale_APP\\client\\src\\components\\FilterSearchBar.jsx","statementMap":{"0":{"start":{"line":9,"column":2},"end":{"line":26,"column":4}},"1":{"start":{"line":13,"column":10},"end":{"line":15,"column":19}},"2":{"start":{"line":22,"column":25},"end":{"line":22,"column":49}}},"fnMap":{"0":{"name":"FilterSearchBar","decl":{"start":{"line":4,"column":24},"end":{"line":4,"column":39}},"loc":{"start":{"line":8,"column":3},"end":{"line":27,"column":1}},"line":8},"1":{"name":"(anonymous_1)","decl":{"start":{"line":12,"column":27},"end":{"line":12,"column":28}},"loc":{"start":{"line":13,"column":10},"end":{"line":15,"column":19}},"line":13},"2":{"name":"(anonymous_2)","decl":{"start":{"line":22,"column":18},"end":{"line":22,"column":19}},"loc":{"start":{"line":22,"column":25},"end":{"line":22,"column":49}},"line":22}},"branchMap":{"0":{"loc":{"start":{"line":5,"column":2},"end":{"line":5,"column":20}},"type":"default-arg","locations":[{"start":{"line":5,"column":18},"end":{"line":5,"column":20}}],"line":5}},"s":{"0":3,"1":8,"2":4},"f":{"0":3,"1":8,"2":4},"b":{"0":[0]},"_coverageSchema":"1a1c01bbd47fc00a2c39e90264f33305004495a9","hash":"31c438722b023e0084196bf95d35fd6ba7c14c19"}
,"C:\\Users\\ferra\\Documents\\Federico\\UniMelb\\Year 3\\Sem2\\AI_Use_Scale_APP\\secondo\\AI_Usescale_APP\\client\\src\\components\\HorizontalSidebar.jsx": {"path":"C:\\Users\\ferra\\Documents\\Federico\\UniMelb\\Year 3\\Sem2\\AI_Use_Scale_APP\\secondo\\AI_Usescale_APP\\client\\src\\components\\HorizontalSidebar.jsx","statementMap":{"0":{"start":{"line":5,"column":2},"end":{"line":33,"column":4}},"1":{"start":{"line":24,"column":10},"end":{"line":24,"column":30}},"2":{"start":{"line":25,"column":10},"end":{"line":25,"column":25}}},"fnMap":{"0":{"name":"HorizontalSidebar","decl":{"start":{"line":4,"column":24},"end":{"line":4,"column":41}},"loc":{"start":{"line":4,"column":71},"end":{"line":34,"column":1}},"line":4},"1":{"name":"(anonymous_1)","decl":{"start":{"line":23,"column":17},"end":{"line":23,"column":18}},"loc":{"start":{"line":23,"column":24},"end":{"line":26,"column":9}},"line":23}},"branchMap":{"0":{"loc":{"start":{"line":6,"column":20},"end":{"line":6,"column":75}},"type":"cond-expr","locations":[{"start":{"line":6,"column":27},"end":{"line":6,"column":52}},{"start":{"line":6,"column":55},"end":{"line":6,"column":75}}],"line":6},"1":{"loc":{"start":{"line":11,"column":11},"end":{"line":11,"column":36}},"type":"cond-expr","locations":[{"start":{"line":11,"column":18},"end":{"line":11,"column":29}},{"start":{"line":11,"column":32},"end":{"line":11,"column":36}}],"line":11},"2":{"loc":{"start":{"line":15,"column":71},"end":{"line":15,"column":97}},"type":"cond-expr","locations":[{"start":{"line":15,"column":78},"end":{"line":15,"column":86}},{"start":{"line":15,"column":89},"end":{"line":15,"column":97}}],"line":15},"3":{"loc":{"start":{"line":16,"column":11},"end":{"line":16,"column":81}},"type":"cond-expr","locations":[{"start":{"line":16,"column":19},"end":{"line":16,"column":73}},{"start":{"line":16,"column":77},"end":{"line":16,"column":81}}],"line":16},"4":{"loc":{"start":{"line":28,"column":20},"end":{"line":28,"column":59}},"type":"cond-expr","locations":[{"start":{"line":28,"column":27},"end":{"line":28,"column":42}},{"start":{"line":28,"column":45},"end":{"line":28,"column":59}}],"line":28},"5":{"loc":{"start":{"line":30,"column":58},"end":{"line":30,"column":74}},"type":"cond-expr","locations":[{"start":{"line":30,"column":65},"end":{"line":30,"column":68}},{"start":{"line":30,"column":71},"end":{"line":30,"column":74}}],"line":30}},"s":{"0":2,"1":2,"2":2},"f":{"0":2,"1":2},"b":{"0":[1,1],"1":[1,1],"2":[1,1],"3":[1,1],"4":[1,1],"5":[1,1]},"_coverageSchema":"1a1c01bbd47fc00a2c39e90264f33305004495a9","hash":"1297d902c6f15f70be68d9e69a3248ef93fee1b5"}
,"C:\\Users\\ferra\\Documents\\Federico\\UniMelb\\Year 3\\Sem2\\AI_Use_Scale_APP\\secondo\\AI_Usescale_APP\\client\\src\\components\\Menu.jsx": {"path":"C:\\Users\\ferra\\Documents\\Federico\\UniMelb\\Year 3\\Sem2\\AI_Use_Scale_APP\\secondo\\AI_Usescale_APP\\client\\src\\components\\Menu.jsx","statementMap":{"0":{"start":{"line":4,"column":2},"end":{"line":20,"column":4}},"1":{"start":{"line":7,"column":8},"end":{"line":17,"column":14}},"2":{"start":{"line":11,"column":12},"end":{"line":11,"column":27}},"3":{"start":{"line":12,"column":12},"end":{"line":12,"column":24}}},"fnMap":{"0":{"name":"DropdownMenu","decl":{"start":{"line":3,"column":24},"end":{"line":3,"column":36}},"loc":{"start":{"line":3,"column":57},"end":{"line":21,"column":1}},"line":3},"1":{"name":"(anonymous_1)","decl":{"start":{"line":6,"column":17},"end":{"line":6,"column":18}},"loc":{"start":{"line":7,"column":8},"end":{"line":17,"column":14}},"line":7},"2":{"name":"(anonymous_2)","decl":{"start":{"line":10,"column":19},"end":{"line":10,"column":20}},"loc":{"start":{"line":10,"column":25},"end":{"line":13,"column":11}},"line":10}},"branchMap":{"0":{"loc":{"start":{"line":15,"column":11},"end":{"line":15,"column":76}},"type":"binary-expr","locations":[{"start":{"line":15,"column":11},"end":{"line":15,"column":20}},{"start":{"line":15,"column":24},"end":{"line":15,"column":76}}],"line":15}},"s":{"0":10,"1":35,"2":5,"3":5},"f":{"0":10,"1":35,"2":5},"b":{"0":[35,32]},"_coverageSchema":"1a1c01bbd47fc00a2c39e90264f33305004495a9","hash":"48d058faeaeedca03949b870288db8330a944da7"}
,"C:\\Users\\ferra\\Documents\\Federico\\UniMelb\\Year 3\\Sem2\\AI_Use_Scale_APP\\secondo\\AI_Usescale_APP\\client\\src\\components\\MenuButton.jsx": {"path":"C:\\Users\\ferra\\Documents\\Federico\\UniMelb\\Year 3\\Sem2\\AI_Use_Scale_APP\\secondo\\AI_Usescale_APP\\client\\src\\components\\MenuButton.jsx","statementMap":{"0":{"start":{"line":6,"column":26},"end":{"line":6,"column":41}},"1":{"start":{"line":7,"column":20},"end":{"line":7,"column":32}},"2":{"start":{"line":8,"column":18},"end":{"line":8,"column":30}},"3":{"start":{"line":9,"column":24},"end":{"line":9,"column":53}},"4":{"start":{"line":11,"column":2},"end":{"line":24,"column":9}},"5":{"start":{"line":12,"column":31},"end":{"line":21,"column":5}},"6":{"start":{"line":13,"column":6},"end":{"line":20,"column":7}},"7":{"start":{"line":19,"column":8},"end":{"line":19,"column":23}},"8":{"start":{"line":22,"column":4},"end":{"line":22,"column":63}},"9":{"start":{"line":23,"column":4},"end":{"line":23,"column":79}},"10":{"start":{"line":23,"column":17},"end":{"line":23,"column":78}},"11":{"start":{"line":26,"column":2},"end":{"line":34,"column":13}},"12":{"start":{"line":27,"column":4},"end":{"line":33,"column":5}},"13":{"start":{"line":28,"column":19},"end":{"line":28,"column":60}},"14":{"start":{"line":29,"column":6},"end":{"line":32,"column":9}},"15":{"start":{"line":36,"column":25},"end":{"line":38,"column":60}},"16":{"start":{"line":40,"column":23},"end":{"line":46,"column":5}},"17":{"start":{"line":40,"column":44},"end":{"line":46,"column":3}},"18":{"start":{"line":43,"column":6},"end":{"line":43,"column":37}},"19":{"start":{"line":44,"column":6},"end":{"line":44,"column":21}},"20":{"start":{"line":48,"column":2},"end":{"line":70,"column":4}},"21":{"start":{"line":50,"column":53},"end":{"line":50,"column":67}},"22":{"start":{"line":65,"column":54},"end":{"line":65,"column":68}}},"fnMap":{"0":{"name":"MenuButton","decl":{"start":{"line":5,"column":24},"end":{"line":5,"column":34}},"loc":{"start":{"line":5,"column":62},"end":{"line":71,"column":1}},"line":5},"1":{"name":"(anonymous_1)","decl":{"start":{"line":11,"column":12},"end":{"line":11,"column":13}},"loc":{"start":{"line":11,"column":18},"end":{"line":24,"column":3}},"line":11},"2":{"name":"(anonymous_2)","decl":{"start":{"line":12,"column":31},"end":{"line":12,"column":32}},"loc":{"start":{"line":12,"column":38},"end":{"line":21,"column":5}},"line":12},"3":{"name":"(anonymous_3)","decl":{"start":{"line":23,"column":11},"end":{"line":23,"column":12}},"loc":{"start":{"line":23,"column":17},"end":{"line":23,"column":78}},"line":23},"4":{"name":"(anonymous_4)","decl":{"start":{"line":26,"column":12},"end":{"line":26,"column":13}},"loc":{"start":{"line":26,"column":18},"end":{"line":34,"column":3}},"line":26},"5":{"name":"(anonymous_5)","decl":{"start":{"line":40,"column":33},"end":{"line":40,"column":34}},"loc":{"start":{"line":40,"column":44},"end":{"line":46,"column":3}},"line":40},"6":{"name":"(anonymous_6)","decl":{"start":{"line":42,"column":13},"end":{"line":42,"column":14}},"loc":{"start":{"line":42,"column":19},"end":{"line":45,"column":5}},"line":42},"7":{"name":"(anonymous_7)","decl":{"start":{"line":50,"column":47},"end":{"line":50,"column":48}},"loc":{"start":{"line":50,"column":53},"end":{"line":50,"column":67}},"line":50},"8":{"name":"(anonymous_8)","decl":{"start":{"line":65,"column":48},"end":{"line":65,"column":49}},"loc":{"start":{"line":65,"column":54},"end":{"line":65,"column":68}},"line":65}},"branchMap":{"0":{"loc":{"start":{"line":5,"column":44},"end":{"line":5,"column":58}},"type":"default-arg","locations":[{"start":{"line":5,"column":53},"end":{"line":5,"column":58}}],"line":5},"1":{"loc":{"start":{"line":13,"column":6},"end":{"line":20,"column":7}},"type":"if","locations":[{"start":{"line":13,"column":6},"end":{"line":20,"column":7}},{"start":{},"end":{}}],"line":13},"2":{"loc":{"start":{"line":14,"column":8},"end":{"line":17,"column":43}},"type":"binary-expr","locations":[{"start":{"line":14,"column":8},"end":{"line":14,"column":25}},{"start":{"line":15,"column":8},"end":{"line":15,"column":45}},{"start":{"line":16,"column":8},"end":{"line":16,"column":23}},{"start":{"line":17,"column":8},"end":{"line":17,"column":43}}],"line":14},"3":{"loc":{"start":{"line":27,"column":4},"end":{"line":33,"column":5}},"type":"if","locations":[{"start":{"line":27,"column":4},"end":{"line":33,"column":5}},{"start":{},"end":{}}],"line":27},"4":{"loc":{"start":{"line":27,"column":8},"end":{"line":27,"column":33}},"type":"binary-expr","locations":[{"start":{"line":27,"column":8},"end":{"line":27,"column":12}},{"start":{"line":27,"column":16},"end":{"line":27,"column":33}}],"line":27},"5":{"loc":{"start":{"line":36,"column":25},"end":{"line":38,"column":60}},"type":"cond-expr","locations":[{"start":{"line":37,"column":6},"end":{"line":37,"column":55}},{"start":{"line":38,"column":6},"end":{"line":38,"column":60}}],"line":36},"6":{"loc":{"start":{"line":43,"column":6},"end":{"line":43,"column":36}},"type":"binary-expr","locations":[{"start":{"line":43,"column":6},"end":{"line":43,"column":18}},{"start":{"line":43,"column":22},"end":{"line":43,"column":36}}],"line":43},"7":{"loc":{"start":{"line":53,"column":7},"end":{"line":68,"column":9}},"type":"binary-expr","locations":[{"start":{"line":53,"column":7},"end":{"line":53,"column":11}},{"start":{"line":54,"column":8},"end":{"line":68,"column":9}}],"line":53}},"s":{"0":20,"1":20,"2":20,"3":20,"4":20,"5":7,"6":14,"7":0,"8":7,"9":7,"10":7,"11":20,"12":15,"13":4,"14":4,"15":20,"16":20,"17":76,"18":4,"19":4,"20":20,"21":4,"22":4},"f":{"0":20,"1":7,"2":14,"3":7,"4":15,"5":76,"6":4,"7":4,"8":4},"b":{"0":[20],"1":[0,14],"2":[14,14,10,4],"3":[4,11],"4":[15,4],"5":[0,20],"6":[4,4],"7":[20,8]},"_coverageSchema":"1a1c01bbd47fc00a2c39e90264f33305004495a9","hash":"8e1f15b9bed848c5bd29b2be1d5a75223fbf4bb1"}
,"C:\\Users\\ferra\\Documents\\Federico\\UniMelb\\Year 3\\Sem2\\AI_Use_Scale_APP\\secondo\\AI_Usescale_APP\\client\\src\\components\\PopUp.jsx": {"path":"C:\\Users\\ferra\\Documents\\Federico\\UniMelb\\Year 3\\Sem2\\AI_Use_Scale_APP\\secondo\\AI_Usescale_APP\\client\\src\\components\\PopUp.jsx","statementMap":{"0":{"start":{"line":4,"column":2},"end":{"line":16,"column":4}},"1":{"start":{"line":6,"column":51},"end":{"line":6,"column":70}}},"fnMap":{"0":{"name":"PopUp","decl":{"start":{"line":3,"column":24},"end":{"line":3,"column":29}},"loc":{"start":{"line":3,"column":75},"end":{"line":17,"column":1}},"line":3},"1":{"name":"(anonymous_1)","decl":{"start":{"line":6,"column":44},"end":{"line":6,"column":45}},"loc":{"start":{"line":6,"column":51},"end":{"line":6,"column":70}},"line":6}},"branchMap":{"0":{"loc":{"start":{"line":11,"column":9},"end":{"line":11,"column":57}},"type":"binary-expr","locations":[{"start":{"line":11,"column":9},"end":{"line":11,"column":13}},{"start":{"line":11,"column":17},"end":{"line":11,"column":57}}],"line":11},"1":{"loc":{"start":{"line":13,"column":9},"end":{"line":13,"column":69}},"type":"binary-expr","locations":[{"start":{"line":13,"column":9},"end":{"line":13,"column":17}},{"start":{"line":13,"column":21},"end":{"line":13,"column":69}}],"line":13}},"s":{"0":4,"1":1},"f":{"0":4,"1":1},"b":{"0":[4,4],"1":[4,4]},"_coverageSchema":"1a1c01bbd47fc00a2c39e90264f33305004495a9","hash":"df88ae48381073e798e7c141c9129abfabf2a97b"}
,"C:\\Users\\ferra\\Documents\\Federico\\UniMelb\\Year 3\\Sem2\\AI_Use_Scale_APP\\secondo\\AI_Usescale_APP\\client\\src\\components\\Sidebar.jsx": {"path":"C:\\Users\\ferra\\Documents\\Federico\\UniMelb\\Year 3\\Sem2\\AI_Use_Scale_APP\\secondo\\AI_Usescale_APP\\client\\src\\components\\Sidebar.jsx","statementMap":{"0":{"start":{"line":12,"column":21},"end":{"line":53,"column":1}},"1":{"start":{"line":56,"column":19},"end":{"line":56,"column":32}},"2":{"start":{"line":57,"column":36},"end":{"line":57,"column":50}},"3":{"start":{"line":59,"column":28},"end":{"line":61,"column":3}},"4":{"start":{"line":60,"column":4},"end":{"line":60,"column":23}},"5":{"start":{"line":62,"column":27},"end":{"line":64,"column":3}},"6":{"start":{"line":63,"column":4},"end":{"line":63,"column":23}},"7":{"start":{"line":66,"column":2},"end":{"line":121,"column":4}},"8":{"start":{"line":71,"column":25},"end":{"line":71,"column":53}},"9":{"start":{"line":81,"column":25},"end":{"line":81,"column":59}},"10":{"start":{"line":91,"column":25},"end":{"line":91,"column":42}},"11":{"start":{"line":97,"column":25},"end":{"line":97,"column":54}},"12":{"start":{"line":104,"column":12},"end":{"line":104,"column":23}},"13":{"start":{"line":105,"column":12},"end":{"line":105,"column":50}}},"fnMap":{"0":{"name":"Sidebar","decl":{"start":{"line":55,"column":24},"end":{"line":55,"column":31}},"loc":{"start":{"line":55,"column":46},"end":{"line":122,"column":1}},"line":55},"1":{"name":"(anonymous_1)","decl":{"start":{"line":59,"column":28},"end":{"line":59,"column":29}},"loc":{"start":{"line":59,"column":38},"end":{"line":61,"column":3}},"line":59},"2":{"name":"(anonymous_2)","decl":{"start":{"line":62,"column":27},"end":{"line":62,"column":28}},"loc":{"start":{"line":62,"column":33},"end":{"line":64,"column":3}},"line":62},"3":{"name":"(anonymous_3)","decl":{"start":{"line":71,"column":19},"end":{"line":71,"column":20}},"loc":{"start":{"line":71,"column":25},"end":{"line":71,"column":53}},"line":71},"4":{"name":"(anonymous_4)","decl":{"start":{"line":81,"column":19},"end":{"line":81,"column":20}},"loc":{"start":{"line":81,"column":25},"end":{"line":81,"column":59}},"line":81},"5":{"name":"(anonymous_5)","decl":{"start":{"line":91,"column":19},"end":{"line":91,"column":20}},"loc":{"start":{"line":91,"column":25},"end":{"line":91,"column":42}},"line":91},"6":{"name":"(anonymous_6)","decl":{"start":{"line":97,"column":19},"end":{"line":97,"column":20}},"loc":{"start":{"line":97,"column":25},"end":{"line":97,"column":54}},"line":97},"7":{"name":"(anonymous_7)","decl":{"start":{"line":103,"column":19},"end":{"line":103,"column":20}},"loc":{"start":{"line":103,"column":25},"end":{"line":106,"column":11}},"line":103}},"branchMap":{"0":{"loc":{"start":{"line":111,"column":7},"end":{"line":119,"column":7}},"type":"binary-expr","locations":[{"start":{"line":111,"column":7},"end":{"line":111,"column":16}},{"start":{"line":112,"column":8},"end":{"line":118,"column":10}}],"line":111}},"s":{"0":1,"1":8,"2":8,"3":8,"4":3,"5":8,"6":0,"7":8,"8":1,"9":1,"10":1,"11":1,"12":1,"13":1},"f":{"0":8,"1":3,"2":0,"3":1,"4":1,"5":1,"6":1,"7":1},"b":{"0":[8,3]},"_coverageSchema":"1a1c01bbd47fc00a2c39e90264f33305004495a9","hash":"4da2731e5c9dd3efc4965882b6f7505ae11e19ef"}
,"C:\\Users\\ferra\\Documents\\Federico\\UniMelb\\Year 3\\Sem2\\AI_Use_Scale_APP\\secondo\\AI_Usescale_APP\\client\\src\\components\\Square.jsx": {"path":"C:\\Users\\ferra\\Documents\\Federico\\UniMelb\\Year 3\\Sem2\\AI_Use_Scale_APP\\secondo\\AI_Usescale_APP\\client\\src\\components\\Square.jsx","statementMap":{"0":{"start":{"line":4,"column":19},"end":{"line":4,"column":51}},"1":{"start":{"line":5,"column":2},"end":{"line":15,"column":4}}},"fnMap":{"0":{"name":"Square","decl":{"start":{"line":3,"column":24},"end":{"line":3,"column":30}},"loc":{"start":{"line":3,"column":60},"end":{"line":16,"column":1}},"line":3}},"branchMap":{"0":{"loc":{"start":{"line":7,"column":26},"end":{"line":7,"column":61}},"type":"cond-expr","locations":[{"start":{"line":7,"column":37},"end":{"line":7,"column":56}},{"start":{"line":7,"column":59},"end":{"line":7,"column":61}}],"line":7},"1":{"loc":{"start":{"line":8,"column":8},"end":{"line":8,"column":40}},"type":"cond-expr","locations":[{"start":{"line":8,"column":19},"end":{"line":8,"column":35}},{"start":{"line":8,"column":38},"end":{"line":8,"column":40}}],"line":8}},"s":{"0":13,"1":13},"f":{"0":13},"b":{"0":[1,12],"1":[2,11]},"_coverageSchema":"1a1c01bbd47fc00a2c39e90264f33305004495a9","hash":"564e5c9e64855e27fb4a959cf27bc95e20409b5c"}
,"C:\\Users\\ferra\\Documents\\Federico\\UniMelb\\Year 3\\Sem2\\AI_Use_Scale_APP\\secondo\\AI_Usescale_APP\\client\\src\\components\\Star.jsx": {"path":"C:\\Users\\ferra\\Documents\\Federico\\UniMelb\\Year 3\\Sem2\\AI_Use_Scale_APP\\secondo\\AI_Usescale_APP\\client\\src\\components\\Star.jsx","statementMap":{"0":{"start":{"line":6,"column":30},"end":{"line":6,"column":44}},"1":{"start":{"line":8,"column":22},"end":{"line":10,"column":3}},"2":{"start":{"line":9,"column":4},"end":{"line":9,"column":31}},"3":{"start":{"line":9,"column":24},"end":{"line":9,"column":29}},"4":{"start":{"line":12,"column":2},"end":{"line":29,"column":4}}},"fnMap":{"0":{"name":"StarToggle","decl":{"start":{"line":5,"column":24},"end":{"line":5,"column":34}},"loc":{"start":{"line":5,"column":37},"end":{"line":30,"column":1}},"line":5},"1":{"name":"(anonymous_1)","decl":{"start":{"line":8,"column":22},"end":{"line":8,"column":23}},"loc":{"start":{"line":8,"column":28},"end":{"line":10,"column":3}},"line":8},"2":{"name":"(anonymous_2)","decl":{"start":{"line":9,"column":14},"end":{"line":9,"column":15}},"loc":{"start":{"line":9,"column":24},"end":{"line":9,"column":29}},"line":9}},"branchMap":{"0":{"loc":{"start":{"line":24,"column":9},"end":{"line":24,"column":39}},"type":"cond-expr","locations":[{"start":{"line":24,"column":18},"end":{"line":24,"column":26}},{"start":{"line":24,"column":29},"end":{"line":24,"column":39}}],"line":24}},"s":{"0":7,"1":7,"2":2,"3":2,"4":7},"f":{"0":7,"1":2,"2":2},"b":{"0":[6,1]},"_coverageSchema":"1a1c01bbd47fc00a2c39e90264f33305004495a9","hash":"b3a820365ce02d765eab623c448be339b06721ba"}
,"C:\\Users\\ferra\\Documents\\Federico\\UniMelb\\Year 3\\Sem2\\AI_Use_Scale_APP\\secondo\\AI_Usescale_APP\\client\\src\\components\\TableSection.jsx": {"path":"C:\\Users\\ferra\\Documents\\Federico\\UniMelb\\Year 3\\Sem2\\AI_Use_Scale_APP\\secondo\\AI_Usescale_APP\\client\\src\\components\\TableSection.jsx","statementMap":{"0":{"start":{"line":15,"column":13},"end":{"line":15,"column":22}},"1":{"start":{"line":17,"column":21},"end":{"line":22,"column":1}},"2":{"start":{"line":26,"column":32},"end":{"line":26,"column":47}},"3":{"start":{"line":27,"column":36},"end":{"line":27,"column":57}},"4":{"start":{"line":28,"column":22},"end":{"line":28,"column":34}},"5":{"start":{"line":30,"column":2},"end":{"line":32,"column":14}},"6":{"start":{"line":31,"column":4},"end":{"line":31,"column":30}},"7":{"start":{"line":34,"column":2},"end":{"line":40,"column":38}},"8":{"start":{"line":35,"column":4},"end":{"line":39,"column":5}},"9":{"start":{"line":36,"column":17},"end":{"line":36,"column":36}},"10":{"start":{"line":37,"column":6},"end":{"line":37,"column":31}},"11":{"start":{"line":38,"column":6},"end":{"line":38,"column":47}},"12":{"start":{"line":41,"column":2},"end":{"line":45,"column":24}},"13":{"start":{"line":42,"column":4},"end":{"line":44,"column":5}},"14":{"start":{"line":43,"column":6},"end":{"line":43,"column":24}},"15":{"start":{"line":47,"column":21},"end":{"line":50,"column":3}},"16":{"start":{"line":48,"column":4},"end":{"line":48,"column":22}},"17":{"start":{"line":49,"column":4},"end":{"line":49,"column":24}},"18":{"start":{"line":53,"column":2},"end":{"line":59,"column":3}},"19":{"start":{"line":54,"column":4},"end":{"line":58,"column":6}},"20":{"start":{"line":60,"column":2},"end":{"line":70,"column":3}},"21":{"start":{"line":61,"column":4},"end":{"line":69,"column":6}},"22":{"start":{"line":64,"column":23},"end":{"line":64,"column":39}},"23":{"start":{"line":72,"column":2},"end":{"line":89,"column":3}},"24":{"start":{"line":73,"column":4},"end":{"line":88,"column":6}},"25":{"start":{"line":78,"column":25},"end":{"line":78,"column":53}},"26":{"start":{"line":81,"column":10},"end":{"line":84,"column":11}},"27":{"start":{"line":82,"column":12},"end":{"line":82,"column":31}},"28":{"start":{"line":83,"column":12},"end":{"line":83,"column":25}},"29":{"start":{"line":91,"column":2},"end":{"line":103,"column":4}},"30":{"start":{"line":96,"column":23},"end":{"line":96,"column":51}},"31":{"start":{"line":99,"column":8},"end":{"line":99,"column":44}},"32":{"start":{"line":99,"column":31},"end":{"line":99,"column":44}},"33":{"start":{"line":117,"column":28},"end":{"line":119,"column":3}},"34":{"start":{"line":122,"column":26},"end":{"line":122,"column":51}},"35":{"start":{"line":123,"column":40},"end":{"line":123,"column":52}},"36":{"start":{"line":124,"column":40},"end":{"line":124,"column":52}},"37":{"start":{"line":125,"column":48},"end":{"line":125,"column":60}},"38":{"start":{"line":127,"column":2},"end":{"line":140,"column":18}},"39":{"start":{"line":128,"column":4},"end":{"line":139,"column":58}},"40":{"start":{"line":129,"column":21},"end":{"line":129,"column":31}},"41":{"start":{"line":131,"column":8},"end":{"line":137,"column":9}},"42":{"start":{"line":132,"column":10},"end":{"line":132,"column":50}},"43":{"start":{"line":133,"column":10},"end":{"line":133,"column":50}},"44":{"start":{"line":134,"column":10},"end":{"line":134,"column":58}},"45":{"start":{"line":136,"column":10},"end":{"line":136,"column":68}},"46":{"start":{"line":139,"column":22},"end":{"line":139,"column":56}},"47":{"start":{"line":142,"column":2},"end":{"line":144,"column":21}},"48":{"start":{"line":143,"column":4},"end":{"line":143,"column":45}},"49":{"start":{"line":143,"column":22},"end":{"line":143,"column":45}},"50":{"start":{"line":146,"column":2},"end":{"line":155,"column":18}},"51":{"start":{"line":147,"column":4},"end":{"line":154,"column":5}},"52":{"start":{"line":149,"column":25},"end":{"line":152,"column":9}},"53":{"start":{"line":149,"column":47},"end":{"line":152,"column":7}},"54":{"start":{"line":153,"column":6},"end":{"line":153,"column":26}},"55":{"start":{"line":157,"column":20},"end":{"line":164,"column":3}},"56":{"start":{"line":158,"column":20},"end":{"line":158,"column":61}},"57":{"start":{"line":159,"column":4},"end":{"line":163,"column":5}},"58":{"start":{"line":160,"column":6},"end":{"line":160,"column":26}},"59":{"start":{"line":162,"column":6},"end":{"line":162,"column":40}},"60":{"start":{"line":166,"column":19},"end":{"line":188,"column":3}},"61":{"start":{"line":167,"column":4},"end":{"line":187,"column":5}},"62":{"start":{"line":168,"column":18},"end":{"line":174,"column":8}},"63":{"start":{"line":176,"column":19},"end":{"line":176,"column":35}},"64":{"start":{"line":178,"column":6},"end":{"line":183,"column":7}},"65":{"start":{"line":179,"column":8},"end":{"line":179,"column":60}},"66":{"start":{"line":180,"column":8},"end":{"line":180,"column":62}},"67":{"start":{"line":182,"column":8},"end":{"line":182,"column":75}},"68":{"start":{"line":185,"column":6},"end":{"line":185,"column":52}},"69":{"start":{"line":186,"column":6},"end":{"line":186,"column":57}},"70":{"start":{"line":191,"column":19},"end":{"line":201,"column":3}},"71":{"start":{"line":204,"column":21},"end":{"line":210,"column":3}},"72":{"start":{"line":205,"column":17},"end":{"line":205,"column":29}},"73":{"start":{"line":206,"column":17},"end":{"line":206,"column":64}},"74":{"start":{"line":207,"column":4},"end":{"line":207,"column":62}},"75":{"start":{"line":208,"column":4},"end":{"line":208,"column":18}},"76":{"start":{"line":209,"column":4},"end":{"line":209,"column":39}},"77":{"start":{"line":213,"column":22},"end":{"line":221,"column":3}},"78":{"start":{"line":214,"column":20},"end":{"line":218,"column":5}},"79":{"start":{"line":219,"column":4},"end":{"line":219,"column":21}},"80":{"start":{"line":220,"column":4},"end":{"line":220,"column":26}},"81":{"start":{"line":224,"column":22},"end":{"line":232,"column":3}},"82":{"start":{"line":225,"column":20},"end":{"line":229,"column":5}},"83":{"start":{"line":230,"column":4},"end":{"line":230,"column":21}},"84":{"start":{"line":231,"column":4},"end":{"line":231,"column":26}},"85":{"start":{"line":235,"column":20},"end":{"line":244,"column":3}},"86":{"start":{"line":236,"column":22},"end":{"line":238,"column":5}},"87":{"start":{"line":239,"column":4},"end":{"line":239,"column":27}},"88":{"start":{"line":239,"column":20},"end":{"line":239,"column":27}},"89":{"start":{"line":241,"column":20},"end":{"line":241,"column":59}},"90":{"start":{"line":241,"column":44},"end":{"line":241,"column":58}},"91":{"start":{"line":242,"column":4},"end":{"line":242,"column":21}},"92":{"start":{"line":243,"column":4},"end":{"line":243,"column":26}},"93":{"start":{"line":247,"column":23},"end":{"line":256,"column":3}},"94":{"start":{"line":248,"column":20},"end":{"line":248,"column":32}},"95":{"start":{"line":249,"column":20},"end":{"line":253,"column":5}},"96":{"start":{"line":254,"column":4},"end":{"line":254,"column":21}},"97":{"start":{"line":255,"column":4},"end":{"line":255,"column":26}},"98":{"start":{"line":258,"column":27},"end":{"line":264,"column":3}},"99":{"start":{"line":259,"column":24},"end":{"line":261,"column":5}},"100":{"start":{"line":260,"column":6},"end":{"line":260,"column":55}},"101":{"start":{"line":262,"column":4},"end":{"line":262,"column":25}},"102":{"start":{"line":263,"column":4},"end":{"line":263,"column":30}},"103":{"start":{"line":266,"column":2},"end":{"line":514,"column":4}},"104":{"start":{"line":271,"column":29},"end":{"line":271,"column":61}},"105":{"start":{"line":276,"column":50},"end":{"line":276,"column":61}},"106":{"start":{"line":277,"column":51},"end":{"line":277,"column":61}},"107":{"start":{"line":280,"column":29},"end":{"line":280,"column":50}},"108":{"start":{"line":319,"column":38},"end":{"line":319,"column":60}},"109":{"start":{"line":320,"column":27},"end":{"line":320,"column":47}},"110":{"start":{"line":321,"column":29},"end":{"line":321,"column":40}},"111":{"start":{"line":323,"column":14},"end":{"line":508,"column":16}},"112":{"start":{"line":332,"column":41},"end":{"line":332,"column":89}},"113":{"start":{"line":339,"column":41},"end":{"line":339,"column":60}},"114":{"start":{"line":343,"column":41},"end":{"line":343,"column":60}},"115":{"start":{"line":347,"column":41},"end":{"line":347,"column":58}},"116":{"start":{"line":351,"column":41},"end":{"line":351,"column":61}},"117":{"start":{"line":363,"column":39},"end":{"line":363,"column":57}},"118":{"start":{"line":365,"column":22},"end":{"line":365,"column":41}},"119":{"start":{"line":366,"column":37},"end":{"line":366,"column":39}},"120":{"start":{"line":367,"column":37},"end":{"line":367,"column":39}},"121":{"start":{"line":368,"column":42},"end":{"line":368,"column":46}},"122":{"start":{"line":369,"column":22},"end":{"line":378,"column":23}},"123":{"start":{"line":370,"column":41},"end":{"line":372,"column":25}},"124":{"start":{"line":373,"column":24},"end":{"line":373,"column":50}},"125":{"start":{"line":374,"column":24},"end":{"line":374,"column":50}},"126":{"start":{"line":375,"column":24},"end":{"line":375,"column":63}},"127":{"start":{"line":377,"column":24},"end":{"line":377,"column":72}},"128":{"start":{"line":379,"column":22},"end":{"line":379,"column":44}},"129":{"start":{"line":379,"column":37},"end":{"line":379,"column":44}},"130":{"start":{"line":382,"column":39},"end":{"line":382,"column":43}},"131":{"start":{"line":383,"column":22},"end":{"line":389,"column":23}},"132":{"start":{"line":384,"column":24},"end":{"line":384,"column":80}},"133":{"start":{"line":384,"column":71},"end":{"line":384,"column":80}},"134":{"start":{"line":385,"column":24},"end":{"line":387,"column":26}},"135":{"start":{"line":386,"column":33},"end":{"line":386,"column":56}},"136":{"start":{"line":388,"column":24},"end":{"line":388,"column":46}},"137":{"start":{"line":388,"column":40},"end":{"line":388,"column":46}},"138":{"start":{"line":391,"column":38},"end":{"line":391,"column":55}},"139":{"start":{"line":393,"column":42},"end":{"line":419,"column":24}},"140":{"start":{"line":394,"column":24},"end":{"line":394,"column":55}},"141":{"start":{"line":394,"column":44},"end":{"line":394,"column":55}},"142":{"start":{"line":396,"column":24},"end":{"line":418,"column":25}},"143":{"start":{"line":397,"column":39},"end":{"line":397,"column":67}},"144":{"start":{"line":398,"column":39},"end":{"line":404,"column":27}},"145":{"start":{"line":405,"column":26},"end":{"line":416,"column":27}},"146":{"start":{"line":406,"column":28},"end":{"line":415,"column":31}},"147":{"start":{"line":414,"column":30},"end":{"line":414,"column":45}},"148":{"start":{"line":417,"column":26},"end":{"line":417,"column":54}},"149":{"start":{"line":420,"column":22},"end":{"line":420,"column":43}},"150":{"start":{"line":421,"column":22},"end":{"line":421,"column":48}},"151":{"start":{"line":429,"column":41},"end":{"line":429,"column":62}},"152":{"start":{"line":440,"column":24},"end":{"line":440,"column":68}},"153":{"start":{"line":452,"column":24},"end":{"line":452,"column":64}},"154":{"start":{"line":466,"column":24},"end":{"line":466,"column":68}},"155":{"start":{"line":478,"column":24},"end":{"line":478,"column":64}},"156":{"start":{"line":489,"column":24},"end":{"line":489,"column":64}},"157":{"start":{"line":501,"column":24},"end":{"line":501,"column":68}}},"fnMap":{"0":{"name":"EditableCell","decl":{"start":{"line":25,"column":9},"end":{"line":25,"column":21}},"loc":{"start":{"line":25,"column":78},"end":{"line":104,"column":1}},"line":25},"1":{"name":"(anonymous_1)","decl":{"start":{"line":30,"column":12},"end":{"line":30,"column":13}},"loc":{"start":{"line":30,"column":18},"end":{"line":32,"column":3}},"line":30},"2":{"name":"(anonymous_2)","decl":{"start":{"line":34,"column":18},"end":{"line":34,"column":19}},"loc":{"start":{"line":34,"column":24},"end":{"line":40,"column":3}},"line":34},"3":{"name":"(anonymous_3)","decl":{"start":{"line":41,"column":12},"end":{"line":41,"column":13}},"loc":{"start":{"line":41,"column":18},"end":{"line":45,"column":3}},"line":41},"4":{"name":"(anonymous_4)","decl":{"start":{"line":47,"column":21},"end":{"line":47,"column":22}},"loc":{"start":{"line":47,"column":27},"end":{"line":50,"column":3}},"line":47},"5":{"name":"(anonymous_5)","decl":{"start":{"line":64,"column":17},"end":{"line":64,"column":18}},"loc":{"start":{"line":64,"column":23},"end":{"line":64,"column":39}},"line":64},"6":{"name":"(anonymous_6)","decl":{"start":{"line":78,"column":18},"end":{"line":78,"column":19}},"loc":{"start":{"line":78,"column":25},"end":{"line":78,"column":53}},"line":78},"7":{"name":"(anonymous_7)","decl":{"start":{"line":80,"column":19},"end":{"line":80,"column":20}},"loc":{"start":{"line":80,"column":26},"end":{"line":85,"column":9}},"line":80},"8":{"name":"(anonymous_8)","decl":{"start":{"line":96,"column":16},"end":{"line":96,"column":17}},"loc":{"start":{"line":96,"column":23},"end":{"line":96,"column":51}},"line":96},"9":{"name":"(anonymous_9)","decl":{"start":{"line":98,"column":17},"end":{"line":98,"column":18}},"loc":{"start":{"line":98,"column":24},"end":{"line":100,"column":7}},"line":98},"10":{"name":"TableSection","decl":{"start":{"line":106,"column":24},"end":{"line":106,"column":36}},"loc":{"start":{"line":116,"column":3},"end":{"line":515,"column":1}},"line":116},"11":{"name":"(anonymous_11)","decl":{"start":{"line":127,"column":12},"end":{"line":127,"column":13}},"loc":{"start":{"line":127,"column":18},"end":{"line":140,"column":3}},"line":127},"12":{"name":"(anonymous_12)","decl":{"start":{"line":129,"column":12},"end":{"line":129,"column":13}},"loc":{"start":{"line":129,"column":21},"end":{"line":129,"column":31}},"line":129},"13":{"name":"(anonymous_13)","decl":{"start":{"line":130,"column":12},"end":{"line":130,"column":13}},"loc":{"start":{"line":130,"column":22},"end":{"line":138,"column":7}},"line":130},"14":{"name":"(anonymous_14)","decl":{"start":{"line":139,"column":13},"end":{"line":139,"column":14}},"loc":{"start":{"line":139,"column":22},"end":{"line":139,"column":56}},"line":139},"15":{"name":"(anonymous_15)","decl":{"start":{"line":142,"column":12},"end":{"line":142,"column":13}},"loc":{"start":{"line":142,"column":18},"end":{"line":144,"column":3}},"line":142},"16":{"name":"(anonymous_16)","decl":{"start":{"line":146,"column":12},"end":{"line":146,"column":13}},"loc":{"start":{"line":146,"column":18},"end":{"line":155,"column":3}},"line":146},"17":{"name":"(anonymous_17)","decl":{"start":{"line":149,"column":39},"end":{"line":149,"column":40}},"loc":{"start":{"line":149,"column":47},"end":{"line":152,"column":7}},"line":149},"18":{"name":"(anonymous_18)","decl":{"start":{"line":157,"column":20},"end":{"line":157,"column":21}},"loc":{"start":{"line":157,"column":26},"end":{"line":164,"column":3}},"line":157},"19":{"name":"(anonymous_19)","decl":{"start":{"line":166,"column":19},"end":{"line":166,"column":20}},"loc":{"start":{"line":166,"column":31},"end":{"line":188,"column":3}},"line":166},"20":{"name":"(anonymous_20)","decl":{"start":{"line":204,"column":21},"end":{"line":204,"column":22}},"loc":{"start":{"line":204,"column":45},"end":{"line":210,"column":3}},"line":204},"21":{"name":"(anonymous_21)","decl":{"start":{"line":213,"column":22},"end":{"line":213,"column":23}},"loc":{"start":{"line":213,"column":34},"end":{"line":221,"column":3}},"line":213},"22":{"name":"(anonymous_22)","decl":{"start":{"line":224,"column":22},"end":{"line":224,"column":23}},"loc":{"start":{"line":224,"column":34},"end":{"line":232,"column":3}},"line":224},"23":{"name":"(anonymous_23)","decl":{"start":{"line":235,"column":20},"end":{"line":235,"column":21}},"loc":{"start":{"line":235,"column":32},"end":{"line":244,"column":3}},"line":235},"24":{"name":"(anonymous_24)","decl":{"start":{"line":241,"column":32},"end":{"line":241,"column":33}},"loc":{"start":{"line":241,"column":44},"end":{"line":241,"column":58}},"line":241},"25":{"name":"(anonymous_25)","decl":{"start":{"line":247,"column":23},"end":{"line":247,"column":24}},"loc":{"start":{"line":247,"column":35},"end":{"line":256,"column":3}},"line":247},"26":{"name":"(anonymous_26)","decl":{"start":{"line":258,"column":27},"end":{"line":258,"column":28}},"loc":{"start":{"line":258,"column":53},"end":{"line":264,"column":3}},"line":258},"27":{"name":"(anonymous_27)","decl":{"start":{"line":259,"column":33},"end":{"line":259,"column":34}},"loc":{"start":{"line":260,"column":6},"end":{"line":260,"column":55}},"line":260},"28":{"name":"(anonymous_28)","decl":{"start":{"line":271,"column":23},"end":{"line":271,"column":24}},"loc":{"start":{"line":271,"column":29},"end":{"line":271,"column":61}},"line":271},"29":{"name":"(anonymous_29)","decl":{"start":{"line":276,"column":44},"end":{"line":276,"column":45}},"loc":{"start":{"line":276,"column":50},"end":{"line":276,"column":61}},"line":276},"30":{"name":"(anonymous_30)","decl":{"start":{"line":277,"column":45},"end":{"line":277,"column":46}},"loc":{"start":{"line":277,"column":51},"end":{"line":277,"column":61}},"line":277},"31":{"name":"(anonymous_31)","decl":{"start":{"line":280,"column":23},"end":{"line":280,"column":24}},"loc":{"start":{"line":280,"column":29},"end":{"line":280,"column":50}},"line":280},"32":{"name":"(anonymous_32)","decl":{"start":{"line":318,"column":22},"end":{"line":318,"column":23}},"loc":{"start":{"line":318,"column":40},"end":{"line":509,"column":13}},"line":318},"33":{"name":"(anonymous_33)","decl":{"start":{"line":332,"column":32},"end":{"line":332,"column":33}},"loc":{"start":{"line":332,"column":41},"end":{"line":332,"column":89}},"line":332},"34":{"name":"(anonymous_34)","decl":{"start":{"line":339,"column":35},"end":{"line":339,"column":36}},"loc":{"start":{"line":339,"column":41},"end":{"line":339,"column":60}},"line":339},"35":{"name":"(anonymous_35)","decl":{"start":{"line":343,"column":35},"end":{"line":343,"column":36}},"loc":{"start":{"line":343,"column":41},"end":{"line":343,"column":60}},"line":343},"36":{"name":"(anonymous_36)","decl":{"start":{"line":347,"column":35},"end":{"line":347,"column":36}},"loc":{"start":{"line":347,"column":41},"end":{"line":347,"column":58}},"line":347},"37":{"name":"(anonymous_37)","decl":{"start":{"line":351,"column":35},"end":{"line":351,"column":36}},"loc":{"start":{"line":351,"column":41},"end":{"line":351,"column":61}},"line":351},"38":{"name":"(anonymous_38)","decl":{"start":{"line":363,"column":32},"end":{"line":363,"column":33}},"loc":{"start":{"line":363,"column":39},"end":{"line":363,"column":57}},"line":363},"39":{"name":"(anonymous_39)","decl":{"start":{"line":364,"column":28},"end":{"line":364,"column":29}},"loc":{"start":{"line":364,"column":41},"end":{"line":422,"column":21}},"line":364},"40":{"name":"(anonymous_40)","decl":{"start":{"line":386,"column":26},"end":{"line":386,"column":27}},"loc":{"start":{"line":386,"column":33},"end":{"line":386,"column":56}},"line":386},"41":{"name":"(anonymous_41)","decl":{"start":{"line":393,"column":51},"end":{"line":393,"column":52}},"loc":{"start":{"line":393,"column":65},"end":{"line":419,"column":23}},"line":393},"42":{"name":"(anonymous_42)","decl":{"start":{"line":413,"column":38},"end":{"line":413,"column":39}},"loc":{"start":{"line":413,"column":45},"end":{"line":415,"column":29}},"line":413},"43":{"name":"(anonymous_43)","decl":{"start":{"line":429,"column":35},"end":{"line":429,"column":36}},"loc":{"start":{"line":429,"column":41},"end":{"line":429,"column":62}},"line":429},"44":{"name":"(anonymous_44)","decl":{"start":{"line":439,"column":32},"end":{"line":439,"column":33}},"loc":{"start":{"line":440,"column":24},"end":{"line":440,"column":68}},"line":440},"45":{"name":"(anonymous_45)","decl":{"start":{"line":451,"column":32},"end":{"line":451,"column":33}},"loc":{"start":{"line":452,"column":24},"end":{"line":452,"column":64}},"line":452},"46":{"name":"(anonymous_46)","decl":{"start":{"line":465,"column":32},"end":{"line":465,"column":33}},"loc":{"start":{"line":466,"column":24},"end":{"line":466,"column":68}},"line":466},"47":{"name":"(anonymous_47)","decl":{"start":{"line":477,"column":32},"end":{"line":477,"column":33}},"loc":{"start":{"line":478,"column":24},"end":{"line":478,"column":64}},"line":478},"48":{"name":"(anonymous_48)","decl":{"start":{"line":488,"column":32},"end":{"line":488,"column":33}},"loc":{"start":{"line":489,"column":24},"end":{"line":489,"column":64}},"line":489},"49":{"name":"(anonymous_49)","decl":{"start":{"line":500,"column":32},"end":{"line":500,"column":33}},"loc":{"start":{"line":501,"column":24},"end":{"line":501,"column":68}},"line":501}},"branchMap":{"0":{"loc":{"start":{"line":25,"column":41},"end":{"line":25,"column":58}},"type":"default-arg","locations":[{"start":{"line":25,"column":53},"end":{"line":25,"column":58}}],"line":25},"1":{"loc":{"start":{"line":25,"column":60},"end":{"line":25,"column":74}},"type":"default-arg","locations":[{"start":{"line":25,"column":69},"end":{"line":25,"column":74}}],"line":25},"2":{"loc":{"start":{"line":27,"column":45},"end":{"line":27,"column":56}},"type":"binary-expr","locations":[{"start":{"line":27,"column":45},"end":{"line":27,"column":50}},{"start":{"line":27,"column":54},"end":{"line":27,"column":56}}],"line":27},"3":{"loc":{"start":{"line":31,"column":17},"end":{"line":31,"column":28}},"type":"binary-expr","locations":[{"start":{"line":31,"column":17},"end":{"line":31,"column":22}},{"start":{"line":31,"column":26},"end":{"line":31,"column":28}}],"line":31},"4":{"loc":{"start":{"line":35,"column":4},"end":{"line":39,"column":5}},"type":"if","locations":[{"start":{"line":35,"column":4},"end":{"line":39,"column":5}},{"start":{},"end":{}}],"line":35},"5":{"loc":{"start":{"line":35,"column":8},"end":{"line":35,"column":40}},"type":"binary-expr","locations":[{"start":{"line":35,"column":8},"end":{"line":35,"column":17}},{"start":{"line":35,"column":21},"end":{"line":35,"column":40}}],"line":35},"6":{"loc":{"start":{"line":42,"column":4},"end":{"line":44,"column":5}},"type":"if","locations":[{"start":{"line":42,"column":4},"end":{"line":44,"column":5}},{"start":{},"end":{}}],"line":42},"7":{"loc":{"start":{"line":42,"column":8},"end":{"line":42,"column":25}},"type":"binary-expr","locations":[{"start":{"line":42,"column":8},"end":{"line":42,"column":14}},{"start":{"line":42,"column":18},"end":{"line":42,"column":25}}],"line":42},"8":{"loc":{"start":{"line":53,"column":2},"end":{"line":59,"column":3}},"type":"if","locations":[{"start":{"line":53,"column":2},"end":{"line":59,"column":3}},{"start":{},"end":{}}],"line":53},"9":{"loc":{"start":{"line":60,"column":2},"end":{"line":70,"column":3}},"type":"if","locations":[{"start":{"line":60,"column":2},"end":{"line":70,"column":3}},{"start":{},"end":{}}],"line":60},"10":{"loc":{"start":{"line":67,"column":9},"end":{"line":67,"column":77}},"type":"binary-expr","locations":[{"start":{"line":67,"column":9},"end":{"line":67,"column":14}},{"start":{"line":67,"column":18},"end":{"line":67,"column":77}}],"line":67},"11":{"loc":{"start":{"line":72,"column":2},"end":{"line":89,"column":3}},"type":"if","locations":[{"start":{"line":72,"column":2},"end":{"line":89,"column":3}},{"start":{},"end":{}}],"line":72},"12":{"loc":{"start":{"line":81,"column":10},"end":{"line":84,"column":11}},"type":"if","locations":[{"start":{"line":81,"column":10},"end":{"line":84,"column":11}},{"start":{},"end":{}}],"line":81},"13":{"loc":{"start":{"line":81,"column":14},"end":{"line":81,"column":46}},"type":"binary-expr","locations":[{"start":{"line":81,"column":14},"end":{"line":81,"column":31}},{"start":{"line":81,"column":35},"end":{"line":81,"column":46}}],"line":81},"14":{"loc":{"start":{"line":99,"column":8},"end":{"line":99,"column":44}},"type":"if","locations":[{"start":{"line":99,"column":8},"end":{"line":99,"column":44}},{"start":{},"end":{}}],"line":99},"15":{"loc":{"start":{"line":115,"column":2},"end":{"line":115,"column":17}},"type":"default-arg","locations":[{"start":{"line":115,"column":15},"end":{"line":115,"column":17}}],"line":115},"16":{"loc":{"start":{"line":118,"column":4},"end":{"line":118,"column":50}},"type":"binary-expr","locations":[{"start":{"line":118,"column":4},"end":{"line":118,"column":16}},{"start":{"line":118,"column":20},"end":{"line":118,"column":50}}],"line":118},"17":{"loc":{"start":{"line":122,"column":35},"end":{"line":122,"column":50}},"type":"binary-expr","locations":[{"start":{"line":122,"column":35},"end":{"line":122,"column":44}},{"start":{"line":122,"column":48},"end":{"line":122,"column":50}}],"line":122},"18":{"loc":{"start":{"line":131,"column":8},"end":{"line":137,"column":9}},"type":"if","locations":[{"start":{"line":131,"column":8},"end":{"line":137,"column":9}},{"start":{"line":135,"column":15},"end":{"line":137,"column":9}}],"line":131},"19":{"loc":{"start":{"line":132,"column":25},"end":{"line":132,"column":48}},"type":"binary-expr","locations":[{"start":{"line":132,"column":25},"end":{"line":132,"column":42}},{"start":{"line":132,"column":46},"end":{"line":132,"column":48}}],"line":132},"20":{"loc":{"start":{"line":133,"column":25},"end":{"line":133,"column":48}},"type":"binary-expr","locations":[{"start":{"line":133,"column":25},"end":{"line":133,"column":42}},{"start":{"line":133,"column":46},"end":{"line":133,"column":48}}],"line":133},"21":{"loc":{"start":{"line":134,"column":29},"end":{"line":134,"column":56}},"type":"binary-expr","locations":[{"start":{"line":134,"column":29},"end":{"line":134,"column":50}},{"start":{"line":134,"column":54},"end":{"line":134,"column":56}}],"line":134},"22":{"loc":{"start":{"line":143,"column":4},"end":{"line":143,"column":45}},"type":"if","locations":[{"start":{"line":143,"column":4},"end":{"line":143,"column":45}},{"start":{},"end":{}}],"line":143},"23":{"loc":{"start":{"line":147,"column":4},"end":{"line":154,"column":5}},"type":"if","locations":[{"start":{"line":147,"column":4},"end":{"line":154,"column":5}},{"start":{},"end":{}}],"line":147},"24":{"loc":{"start":{"line":159,"column":4},"end":{"line":163,"column":5}},"type":"if","locations":[{"start":{"line":159,"column":4},"end":{"line":163,"column":5}},{"start":{"line":161,"column":11},"end":{"line":163,"column":5}}],"line":159},"25":{"loc":{"start":{"line":178,"column":6},"end":{"line":183,"column":7}},"type":"if","locations":[{"start":{"line":178,"column":6},"end":{"line":183,"column":7}},{"start":{"line":181,"column":13},"end":{"line":183,"column":7}}],"line":178},"26":{"loc":{"start":{"line":182,"column":44},"end":{"line":182,"column":72}},"type":"binary-expr","locations":[{"start":{"line":182,"column":44},"end":{"line":182,"column":54}},{"start":{"line":182,"column":58},"end":{"line":182,"column":72}}],"line":182},"27":{"loc":{"start":{"line":206,"column":17},"end":{"line":206,"column":64}},"type":"cond-expr","locations":[{"start":{"line":206,"column":36},"end":{"line":206,"column":59}},{"start":{"line":206,"column":62},"end":{"line":206,"column":64}}],"line":206},"28":{"loc":{"start":{"line":209,"column":4},"end":{"line":209,"column":38}},"type":"binary-expr","locations":[{"start":{"line":209,"column":4},"end":{"line":209,"column":16}},{"start":{"line":209,"column":20},"end":{"line":209,"column":38}}],"line":209},"29":{"loc":{"start":{"line":239,"column":4},"end":{"line":239,"column":27}},"type":"if","locations":[{"start":{"line":239,"column":4},"end":{"line":239,"column":27}},{"start":{},"end":{}}],"line":239},"30":{"loc":{"start":{"line":260,"column":6},"end":{"line":260,"column":55}},"type":"cond-expr","locations":[{"start":{"line":260,"column":23},"end":{"line":260,"column":49}},{"start":{"line":260,"column":52},"end":{"line":260,"column":55}}],"line":260},"31":{"loc":{"start":{"line":326,"column":29},"end":{"line":326,"column":67}},"type":"cond-expr","locations":[{"start":{"line":326,"column":47},"end":{"line":326,"column":62}},{"start":{"line":326,"column":65},"end":{"line":326,"column":67}}],"line":326},"32":{"loc":{"start":{"line":361,"column":39},"end":{"line":361,"column":77}},"type":"binary-expr","locations":[{"start":{"line":361,"column":39},"end":{"line":361,"column":64}},{"start":{"line":361,"column":68},"end":{"line":361,"column":77}}],"line":361},"33":{"loc":{"start":{"line":379,"column":22},"end":{"line":379,"column":44}},"type":"if","locations":[{"start":{"line":379,"column":22},"end":{"line":379,"column":44}},{"start":{},"end":{}}],"line":379},"34":{"loc":{"start":{"line":384,"column":24},"end":{"line":384,"column":80}},"type":"if","locations":[{"start":{"line":384,"column":24},"end":{"line":384,"column":80}},{"start":{},"end":{}}],"line":384},"35":{"loc":{"start":{"line":388,"column":24},"end":{"line":388,"column":46}},"type":"if","locations":[{"start":{"line":388,"column":24},"end":{"line":388,"column":46}},{"start":{},"end":{}}],"line":388},"36":{"loc":{"start":{"line":394,"column":24},"end":{"line":394,"column":55}},"type":"if","locations":[{"start":{"line":394,"column":24},"end":{"line":394,"column":55}},{"start":{},"end":{}}],"line":394},"37":{"loc":{"start":{"line":396,"column":24},"end":{"line":418,"column":25}},"type":"if","locations":[{"start":{"line":396,"column":24},"end":{"line":418,"column":25}},{"start":{},"end":{}}],"line":396},"38":{"loc":{"start":{"line":397,"column":39},"end":{"line":397,"column":67}},"type":"cond-expr","locations":[{"start":{"line":397,"column":48},"end":{"line":397,"column":62}},{"start":{"line":397,"column":65},"end":{"line":397,"column":67}}],"line":397},"39":{"loc":{"start":{"line":405,"column":26},"end":{"line":416,"column":27}},"type":"if","locations":[{"start":{"line":405,"column":26},"end":{"line":416,"column":27}},{"start":{},"end":{}}],"line":405},"40":{"loc":{"start":{"line":424,"column":27},"end":{"line":424,"column":63}},"type":"binary-expr","locations":[{"start":{"line":424,"column":27},"end":{"line":424,"column":37}},{"start":{"line":424,"column":41},"end":{"line":424,"column":63}}],"line":424},"41":{"loc":{"start":{"line":456,"column":30},"end":{"line":456,"column":44}},"type":"binary-expr","locations":[{"start":{"line":456,"column":30},"end":{"line":456,"column":34}},{"start":{"line":456,"column":38},"end":{"line":456,"column":44}}],"line":456},"42":{"loc":{"start":{"line":469,"column":30},"end":{"line":469,"column":44}},"type":"binary-expr","locations":[{"start":{"line":469,"column":30},"end":{"line":469,"column":34}},{"start":{"line":469,"column":38},"end":{"line":469,"column":44}}],"line":469},"43":{"loc":{"start":{"line":480,"column":30},"end":{"line":480,"column":44}},"type":"binary-expr","locations":[{"start":{"line":480,"column":30},"end":{"line":480,"column":34}},{"start":{"line":480,"column":38},"end":{"line":480,"column":44}}],"line":480},"44":{"loc":{"start":{"line":492,"column":30},"end":{"line":492,"column":44}},"type":"binary-expr","locations":[{"start":{"line":492,"column":30},"end":{"line":492,"column":34}},{"start":{"line":492,"column":38},"end":{"line":492,"column":44}}],"line":492},"45":{"loc":{"start":{"line":504,"column":30},"end":{"line":504,"column":44}},"type":"binary-expr","locations":[{"start":{"line":504,"column":30},"end":{"line":504,"column":34}},{"start":{"line":504,"column":38},"end":{"line":504,"column":44}}],"line":504}},"s":{"0":1,"1":1,"2":43,"3":43,"4":43,"5":43,"6":8,"7":43,"8":22,"9":14,"10":14,"11":14,"12":43,"13":9,"14":0,"15":43,"16":1,"17":1,"18":43,"19":20,"20":23,"21":9,"22":1,"23":14,"24":14,"25":13,"26":13,"27":1,"28":1,"29":0,"30":0,"31":0,"32":0,"33":4,"34":4,"35":4,"36":4,"37":4,"38":4,"39":1,"40":1,"41":1,"42":1,"43":1,"44":1,"45":0,"46":0,"47":4,"48":1,"49":1,"50":4,"51":1,"52":1,"53":1,"54":1,"55":4,"56":0,"57":0,"58":0,"59":0,"60":4,"61":0,"62":0,"63":0,"64":0,"65":0,"66":0,"67":0,"68":0,"69":0,"70":4,"71":4,"72":0,"73":0,"74":0,"75":0,"76":0,"77":4,"78":0,"79":0,"80":0,"81":4,"82":0,"83":0,"84":0,"85":4,"86":0,"87":0,"88":0,"89":0,"90":0,"91":0,"92":0,"93":4,"94":0,"95":0,"96":0,"97":0,"98":4,"99":1,"100":1,"101":1,"102":1,"103":4,"104":0,"105":0,"106":0,"107":0,"108":4,"109":4,"110":4,"111":4,"112":1,"113":0,"114":0,"115":0,"116":0,"117":0,"118":0,"119":0,"120":0,"121":0,"122":0,"123":0,"124":0,"125":0,"126":0,"127":0,"128":0,"129":0,"130":0,"131":0,"132":0,"133":0,"134":0,"135":0,"136":0,"137":0,"138":0,"139":0,"140":0,"141":0,"142":0,"143":0,"144":0,"145":0,"146":0,"147":0,"148":0,"149":0,"150":0,"151":0,"152":0,"153":0,"154":0,"155":0,"156":0,"157":0},"f":{"0":43,"1":8,"2":22,"3":9,"4":1,"5":1,"6":13,"7":13,"8":0,"9":0,"10":4,"11":1,"12":1,"13":1,"14":0,"15":1,"16":1,"17":1,"18":0,"19":0,"20":0,"21":0,"22":0,"23":0,"24":0,"25":0,"26":1,"27":1,"28":0,"29":0,"30":0,"31":0,"32":4,"33":1,"34":0,"35":0,"36":0,"37":0,"38":0,"39":0,"40":0,"41":0,"42":0,"43":0,"44":0,"45":0,"46":0,"47":0,"48":0,"49":0},"b":{"0":[4],"1":[23],"2":[43,0],"3":[8,0],"4":[14,8],"5":[22,21],"6":[0,9],"7":[9,5],"8":[20,23],"9":[9,14],"10":[9,0],"11":[14,0],"12":[1,12],"13":[13,1],"14":[0,0],"15":[0],"16":[4,0],"17":[4,0],"18":[1,0],"19":[1,0],"20":[1,0],"21":[1,0],"22":[1,0],"23":[1,0],"24":[0,0],"25":[0,0],"26":[0,0],"27":[0,0],"28":[0,0],"29":[0,0],"30":[1,0],"31":[0,4],"32":[4,0],"33":[0,0],"34":[0,0],"35":[0,0],"36":[0,0],"37":[0,0],"38":[0,0],"39":[0,0],"40":[4,0],"41":[4,0],"42":[4,0],"43":[4,0],"44":[4,0],"45":[4,0]},"_coverageSchema":"1a1c01bbd47fc00a2c39e90264f33305004495a9","hash":"662025bb64bc05912e0bc12d3b67277ab7ec4fe6"}
,"C:\\Users\\ferra\\Documents\\Federico\\UniMelb\\Year 3\\Sem2\\AI_Use_Scale_APP\\secondo\\AI_Usescale_APP\\client\\src\\components\\TagInput.jsx": {"path":"C:\\Users\\ferra\\Documents\\Federico\\UniMelb\\Year 3\\Sem2\\AI_Use_Scale_APP\\secondo\\AI_Usescale_APP\\client\\src\\components\\TagInput.jsx","statementMap":{"0":{"start":{"line":5,"column":26},"end":{"line":5,"column":40}},"1":{"start":{"line":6,"column":38},"end":{"line":6,"column":50}},"2":{"start":{"line":8,"column":24},"end":{"line":14,"column":3}},"3":{"start":{"line":9,"column":4},"end":{"line":13,"column":5}},"4":{"start":{"line":10,"column":6},"end":{"line":10,"column":25}},"5":{"start":{"line":11,"column":6},"end":{"line":11,"column":33}},"6":{"start":{"line":12,"column":6},"end":{"line":12,"column":24}},"7":{"start":{"line":16,"column":20},"end":{"line":18,"column":3}},"8":{"start":{"line":17,"column":4},"end":{"line":17,"column":18}},"9":{"start":{"line":20,"column":2},"end":{"line":37,"column":4}},"10":{"start":{"line":32,"column":27},"end":{"line":32,"column":56}}},"fnMap":{"0":{"name":"TagInput","decl":{"start":{"line":4,"column":24},"end":{"line":4,"column":32}},"loc":{"start":{"line":4,"column":57},"end":{"line":38,"column":1}},"line":4},"1":{"name":"(anonymous_1)","decl":{"start":{"line":8,"column":24},"end":{"line":8,"column":25}},"loc":{"start":{"line":8,"column":31},"end":{"line":14,"column":3}},"line":8},"2":{"name":"(anonymous_2)","decl":{"start":{"line":16,"column":20},"end":{"line":16,"column":21}},"loc":{"start":{"line":16,"column":26},"end":{"line":18,"column":3}},"line":16},"3":{"name":"(anonymous_3)","decl":{"start":{"line":32,"column":20},"end":{"line":32,"column":21}},"loc":{"start":{"line":32,"column":27},"end":{"line":32,"column":56}},"line":32}},"branchMap":{"0":{"loc":{"start":{"line":9,"column":4},"end":{"line":13,"column":5}},"type":"if","locations":[{"start":{"line":9,"column":4},"end":{"line":13,"column":5}},{"start":{},"end":{}}],"line":9},"1":{"loc":{"start":{"line":9,"column":8},"end":{"line":9,"column":53}},"type":"binary-expr","locations":[{"start":{"line":9,"column":8},"end":{"line":9,"column":25}},{"start":{"line":9,"column":29},"end":{"line":9,"column":44}},{"start":{"line":9,"column":48},"end":{"line":9,"column":53}}],"line":9},"2":{"loc":{"start":{"line":22,"column":7},"end":{"line":35,"column":7}},"type":"cond-expr","locations":[{"start":{"line":23,"column":8},"end":{"line":26,"column":14}},{"start":{"line":28,"column":8},"end":{"line":34,"column":10}}],"line":22}},"s":{"0":12,"1":12,"2":12,"3":10,"4":1,"5":1,"6":1,"7":12,"8":1,"9":12,"10":9},"f":{"0":12,"1":10,"2":1,"3":9},"b":{"0":[1,9],"1":[10,1,1],"2":[1,11]},"_coverageSchema":"1a1c01bbd47fc00a2c39e90264f33305004495a9","hash":"290451c5595bdb7e706d40a4a2fd2d92cdb0b089"}
,"C:\\Users\\ferra\\Documents\\Federico\\UniMelb\\Year 3\\Sem2\\AI_Use_Scale_APP\\secondo\\AI_Usescale_APP\\client\\src\\components\\Textbox.jsx": {"path":"C:\\Users\\ferra\\Documents\\Federico\\UniMelb\\Year 3\\Sem2\\AI_Use_Scale_APP\\secondo\\AI_Usescale_APP\\client\\src\\components\\Textbox.jsx","statementMap":{"0":{"start":{"line":4,"column":2},"end":{"line":10,"column":4}}},"fnMap":{"0":{"name":"Textbox","decl":{"start":{"line":3,"column":24},"end":{"line":3,"column":31}},"loc":{"start":{"line":3,"column":52},"end":{"line":11,"column":1}},"line":3}},"branchMap":{},"s":{"0":1},"f":{"0":1},"b":{},"_coverageSchema":"1a1c01bbd47fc00a2c39e90264f33305004495a9","hash":"41fb091b4d4664fdcc3fe11399d20b2361d9c0f2"}
,"C:\\Users\\ferra\\Documents\\Federico\\UniMelb\\Year 3\\Sem2\\AI_Use_Scale_APP\\secondo\\AI_Usescale_APP\\client\\src\\components\\UseScaleBlock.jsx": {"path":"C:\\Users\\ferra\\Documents\\Federico\\UniMelb\\Year 3\\Sem2\\AI_Use_Scale_APP\\secondo\\AI_Usescale_APP\\client\\src\\components\\UseScaleBlock.jsx","statementMap":{"0":{"start":{"line":14,"column":26},"end":{"line":46,"column":3}},"1":{"start":{"line":16,"column":4},"end":{"line":19,"column":6}},"2":{"start":{"line":21,"column":22},"end":{"line":21,"column":51}},"3":{"start":{"line":22,"column":4},"end":{"line":22,"column":42}},"4":{"start":{"line":23,"column":4},"end":{"line":23,"column":36}},"5":{"start":{"line":24,"column":4},"end":{"line":24,"column":37}},"6":{"start":{"line":25,"column":4},"end":{"line":25,"column":41}},"7":{"start":{"line":26,"column":4},"end":{"line":26,"column":41}},"8":{"start":{"line":27,"column":4},"end":{"line":27,"column":41}},"9":{"start":{"line":28,"column":4},"end":{"line":28,"column":61}},"10":{"start":{"line":29,"column":4},"end":{"line":29,"column":35}},"11":{"start":{"line":30,"column":4},"end":{"line":30,"column":40}},"12":{"start":{"line":31,"column":4},"end":{"line":31,"column":38}},"13":{"start":{"line":32,"column":4},"end":{"line":32,"column":37}},"14":{"start":{"line":33,"column":4},"end":{"line":33,"column":42}},"15":{"start":{"line":34,"column":4},"end":{"line":34,"column":36}},"16":{"start":{"line":35,"column":4},"end":{"line":35,"column":63}},"17":{"start":{"line":36,"column":4},"end":{"line":36,"column":41}},"18":{"start":{"line":37,"column":4},"end":{"line":41,"column":6}},"19":{"start":{"line":43,"column":4},"end":{"line":45,"column":10}},"20":{"start":{"line":44,"column":6},"end":{"line":44,"column":43}},"21":{"start":{"line":47,"column":2},"end":{"line":61,"column":4}}},"fnMap":{"0":{"name":"UseScaleBlock","decl":{"start":{"line":4,"column":24},"end":{"line":4,"column":37}},"loc":{"start":{"line":12,"column":3},"end":{"line":62,"column":1}},"line":12},"1":{"name":"(anonymous_1)","decl":{"start":{"line":14,"column":26},"end":{"line":14,"column":27}},"loc":{"start":{"line":14,"column":33},"end":{"line":46,"column":3}},"line":14},"2":{"name":"(anonymous_2)","decl":{"start":{"line":43,"column":15},"end":{"line":43,"column":16}},"loc":{"start":{"line":43,"column":21},"end":{"line":45,"column":5}},"line":43}},"branchMap":{"0":{"loc":{"start":{"line":5,"column":2},"end":{"line":5,"column":19}},"type":"default-arg","locations":[{"start":{"line":5,"column":10},"end":{"line":5,"column":19}}],"line":5},"1":{"loc":{"start":{"line":6,"column":2},"end":{"line":6,"column":17}},"type":"default-arg","locations":[{"start":{"line":6,"column":10},"end":{"line":6,"column":17}}],"line":6},"2":{"loc":{"start":{"line":7,"column":2},"end":{"line":7,"column":23}},"type":"default-arg","locations":[{"start":{"line":7,"column":12},"end":{"line":7,"column":23}}],"line":7},"3":{"loc":{"start":{"line":10,"column":2},"end":{"line":10,"column":18}},"type":"default-arg","locations":[{"start":{"line":10,"column":14},"end":{"line":10,"column":18}}],"line":10},"4":{"loc":{"start":{"line":35,"column":35},"end":{"line":35,"column":61}},"type":"cond-expr","locations":[{"start":{"line":35,"column":43},"end":{"line":35,"column":56}},{"start":{"line":35,"column":59},"end":{"line":35,"column":61}}],"line":35}},"s":{"0":3,"1":1,"2":1,"3":1,"4":1,"5":1,"6":1,"7":1,"8":1,"9":1,"10":1,"11":1,"12":1,"13":1,"14":1,"15":1,"16":1,"17":1,"18":1,"19":1,"20":0,"21":3},"f":{"0":3,"1":1,"2":0},"b":{"0":[0],"1":[0],"2":[2],"3":[2],"4":[1,0]},"_coverageSchema":"1a1c01bbd47fc00a2c39e90264f33305004495a9","hash":"02a2e5f11741f9d90bc61681938d6c977d579d02"}
,"C:\\Users\\ferra\\Documents\\Federico\\UniMelb\\Year 3\\Sem2\\AI_Use_Scale_APP\\secondo\\AI_Usescale_APP\\client\\src\\components\\VerticalDropdown.jsx": {"path":"C:\\Users\\ferra\\Documents\\Federico\\UniMelb\\Year 3\\Sem2\\AI_Use_Scale_APP\\secondo\\AI_Usescale_APP\\client\\src\\components\\VerticalDropdown.jsx","statementMap":{"0":{"start":{"line":5,"column":26},"end":{"line":5,"column":41}},"1":{"start":{"line":7,"column":2},"end":{"line":17,"column":4}},"2":{"start":{"line":9,"column":63},"end":{"line":9,"column":77}}},"fnMap":{"0":{"name":"VerticalDropdown","decl":{"start":{"line":4,"column":24},"end":{"line":4,"column":40}},"loc":{"start":{"line":4,"column":62},"end":{"line":18,"column":1}},"line":4},"1":{"name":"(anonymous_1)","decl":{"start":{"line":9,"column":57},"end":{"line":9,"column":58}},"loc":{"start":{"line":9,"column":63},"end":{"line":9,"column":77}},"line":9}},"branchMap":{"0":{"loc":{"start":{"line":11,"column":11},"end":{"line":11,"column":27}},"type":"cond-expr","locations":[{"start":{"line":11,"column":18},"end":{"line":11,"column":21}},{"start":{"line":11,"column":24},"end":{"line":11,"column":27}}],"line":11},"1":{"loc":{"start":{"line":15,"column":7},"end":{"line":15,"column":74}},"type":"binary-expr","locations":[{"start":{"line":15,"column":7},"end":{"line":15,"column":11}},{"start":{"line":15,"column":15},"end":{"line":15,"column":74}}],"line":15}},"s":{"0":3,"1":3,"2":2},"f":{"0":3,"1":2},"b":{"0":[1,2],"1":[3,1]},"_coverageSchema":"1a1c01bbd47fc00a2c39e90264f33305004495a9","hash":"d4e644a9e548d734de6e3ca1b5183eb8773071aa"}
}
