TN:
SF:client\src\GLOBALS\Globals.jsx
FNF:0
FNH:0
DA:1,2
LF:1
LH:1
BRF:0
BRH:0
end_of_record
TN:
SF:client\src\components\BaseTemplatesSection.jsx
FN:5,BaseTemplatesSection
FN:18,(anonymous_1)
FN:25,(anonymous_2)
FN:36,(anonymous_3)
FNF:4
FNH:4
FNDA:1,BaseTemplatesSection
FNDA:5,(anonymous_1)
FNDA:1,(anonymous_2)
FNDA:1,(anonymous_3)
DA:6,1
DA:14,1
DA:19,5
DA:21,1
DA:26,1
DA:30,4
DA:32,1
DA:36,1
DA:42,3
LF:9
LH:9
BRDA:19,0,0,1
BRDA:19,0,1,4
BRDA:26,1,0,1
BRDA:26,1,1,0
BRDA:30,2,0,1
BRDA:30,2,1,3
BRF:6
BRH:5
end_of_record
TN:
SF:client\src\components\CustomTemplatesSection.jsx
FN:23,CustomTemplatesSection
FN:32,(anonymous_1)
FN:37,(anonymous_2)
FN:54,(anonymous_3)
FN:55,(anonymous_4)
FN:69,(anonymous_5)
FN:83,(anonymous_6)
FN:83,(anonymous_7)
FN:94,(anonymous_8)
FN:104,(anonymous_9)
FN:120,(anonymous_10)
FN:130,(anonymous_11)
FN:131,(anonymous_12)
FN:137,(anonymous_13)
FN:142,(anonymous_14)
FN:150,(anonymous_15)
FN:151,(anonymous_16)
FN:152,(anonymous_17)
FNF:18
FNH:6
FNDA:3,CustomTemplatesSection
FNDA:1,(anonymous_1)
FNDA:0,(anonymous_2)
FNDA:0,(anonymous_3)
FNDA:0,(anonymous_4)
FNDA:0,(anonymous_5)
FNDA:0,(anonymous_6)
FNDA:0,(anonymous_7)
FNDA:0,(anonymous_8)
FNDA:0,(anonymous_9)
FNDA:9,(anonymous_10)
FNDA:0,(anonymous_11)
FNDA:1,(anonymous_12)
FNDA:5,(anonymous_13)
FNDA:1,(anonymous_14)
FNDA:0,(anonymous_15)
FNDA:0,(anonymous_16)
FNDA:0,(anonymous_17)
DA:28,3
DA:30,3
DA:31,3
DA:32,3
DA:33,1
DA:37,3
DA:38,0
DA:39,0
DA:41,0
DA:42,0
DA:50,0
DA:52,0
DA:54,0
DA:55,0
DA:56,0
DA:60,0
DA:63,0
DA:64,0
DA:69,3
DA:70,0
DA:71,0
DA:73,0
DA:74,0
DA:79,0
DA:81,0
DA:83,0
DA:85,0
DA:88,0
DA:89,0
DA:94,3
DA:95,0
DA:96,0
DA:101,0
DA:103,0
DA:104,0
DA:111,0
DA:114,0
DA:115,0
DA:120,3
DA:121,9
DA:124,3
DA:132,1
DA:138,5
DA:143,1
DA:150,0
DA:151,0
DA:152,0
LF:47
LH:14
BRDA:31,0,0,3
BRDA:31,0,1,0
BRDA:33,1,0,1
BRDA:33,1,1,0
BRDA:38,2,0,0
BRDA:38,2,1,0
BRDA:39,3,0,0
BRDA:39,3,1,0
BRDA:52,4,0,0
BRDA:52,4,1,0
BRDA:56,5,0,0
BRDA:56,5,1,0
BRDA:71,6,0,0
BRDA:71,6,1,0
BRDA:81,7,0,0
BRDA:81,7,1,0
BRDA:103,8,0,0
BRDA:103,8,1,0
BRF:18
BRH:2
end_of_record
TN:
SF:client\src\components\Dashboard.jsx
FN:3,Dashboard
FNF:1
FNH:1
FNDA:1,Dashboard
DA:5,1
LF:1
LH:1
BRF:0
BRH:0
end_of_record
TN:
SF:client\src\components\DropdownTagInput.jsx
FN:5,DropdownTagInput
FN:8,(anonymous_1)
FN:12,(anonymous_2)
FN:32,(anonymous_3)
FNF:4
FNH:4
FNDA:3,DropdownTagInput
FNDA:1,(anonymous_1)
FNDA:1,(anonymous_2)
FNDA:6,(anonymous_3)
DA:6,3
DA:8,3
DA:9,1
DA:12,3
DA:13,1
DA:16,3
DA:33,6
LF:7
LH:7
BRDA:5,0,0,0
BRDA:18,1,0,1
BRDA:18,1,1,2
BRF:3
BRH:2
end_of_record
TN:
SF:client\src\components\ExportButton.jsx
FN:9,ExportButton
FN:17,(anonymous_1)
FN:51,(anonymous_2)
FN:62,(anonymous_3)
FN:62,(anonymous_4)
FN:64,(anonymous_5)
FN:64,(anonymous_6)
FN:69,(anonymous_7)
FN:116,(anonymous_8)
FN:146,(anonymous_9)
FN:147,(anonymous_10)
FN:164,(anonymous_11)
FN:171,(anonymous_12)
FN:184,(anonymous_13)
FN:194,(anonymous_14)
FNF:15
FNH:7
FNDA:4,ExportButton
FNDA:0,(anonymous_1)
FNDA:0,(anonymous_2)
FNDA:0,(anonymous_3)
FNDA:0,(anonymous_4)
FNDA:0,(anonymous_5)
FNDA:0,(anonymous_6)
FNDA:0,(anonymous_7)
FNDA:0,(anonymous_8)
FNDA:2,(anonymous_9)
FNDA:2,(anonymous_10)
FNDA:2,(anonymous_11)
FNDA:1,(anonymous_12)
FNDA:1,(anonymous_13)
FNDA:1,(anonymous_14)
DA:10,4
DA:11,4
DA:12,4
DA:14,4
DA:15,4
DA:17,4
DA:18,0
DA:21,0
DA:22,0
DA:23,0
DA:24,0
DA:25,0
DA:26,0
DA:27,0
DA:28,0
DA:33,0
DA:34,0
DA:35,0
DA:36,0
DA:37,0
DA:40,0
DA:42,0
DA:49,0
DA:52,0
DA:53,0
DA:54,0
DA:55,0
DA:56,0
DA:58,0
DA:59,0
DA:60,0
DA:62,0
DA:64,0
DA:65,0
DA:68,0
DA:69,0
DA:70,0
DA:71,0
DA:72,0
DA:73,0
DA:74,0
DA:79,0
DA:80,0
DA:81,0
DA:84,0
DA:85,0
DA:86,0
DA:87,0
DA:88,0
DA:89,0
DA:90,0
DA:91,0
DA:93,0
DA:94,0
DA:97,0
DA:98,0
DA:99,0
DA:100,0
DA:101,0
DA:117,0
DA:118,0
DA:119,0
DA:122,0
DA:123,0
DA:124,0
DA:126,0
DA:127,0
DA:128,0
DA:129,0
DA:130,0
DA:138,0
DA:141,0
DA:144,4
DA:146,4
DA:147,2
DA:148,2
DA:154,0
DA:158,2
DA:159,1
DA:161,1
DA:164,2
DA:165,2
DA:169,4
DA:171,1
DA:184,1
DA:194,1
LF:86
LH:19
BRDA:9,0,0,4
BRDA:9,1,0,4
BRDA:18,2,0,0
BRDA:18,2,1,0
BRDA:21,3,0,0
BRDA:21,3,1,0
BRDA:23,4,0,0
BRDA:23,4,1,0
BRDA:23,5,0,0
BRDA:23,5,1,0
BRDA:33,6,0,0
BRDA:33,6,1,0
BRDA:35,7,0,0
BRDA:35,7,1,0
BRDA:40,8,0,0
BRDA:40,8,1,0
BRDA:54,9,0,0
BRDA:54,9,1,0
BRDA:55,10,0,0
BRDA:55,10,1,0
BRDA:58,11,0,0
BRDA:58,11,1,0
BRDA:59,12,0,0
BRDA:59,12,1,0
BRDA:72,13,0,0
BRDA:72,13,1,0
BRDA:73,14,0,0
BRDA:73,14,1,0
BRDA:79,15,0,0
BRDA:79,15,1,0
BRDA:89,16,0,0
BRDA:89,16,1,0
BRDA:93,17,0,0
BRDA:93,17,1,0
BRDA:117,18,0,0
BRDA:117,18,1,0
BRDA:117,19,0,0
BRDA:117,19,1,0
BRDA:119,20,0,0
BRDA:119,20,1,0
BRDA:122,21,0,0
BRDA:122,21,1,0
BRDA:122,22,0,0
BRDA:122,22,1,0
BRDA:123,23,0,0
BRDA:123,23,1,0
BRDA:129,24,0,0
BRDA:129,24,1,0
BRDA:129,25,0,0
BRDA:129,25,1,0
BRDA:144,26,0,4
BRDA:144,26,1,2
BRDA:148,27,0,0
BRDA:148,27,1,2
BRDA:149,28,0,2
BRDA:149,28,1,2
BRDA:149,28,2,0
BRDA:149,28,3,0
BRDA:158,29,0,1
BRDA:158,29,1,1
BRDA:176,30,0,4
BRDA:176,30,1,3
BRF:62
BRH:11
end_of_record
TN:
SF:client\src\components\FilterSearchBar.jsx
FN:4,FilterSearchBar
FN:12,(anonymous_1)
FN:22,(anonymous_2)
FNF:3
FNH:3
FNDA:3,FilterSearchBar
FNDA:8,(anonymous_1)
FNDA:4,(anonymous_2)
DA:9,3
DA:13,8
DA:22,4
LF:3
LH:3
BRDA:5,0,0,0
BRF:1
BRH:0
end_of_record
TN:
SF:client\src\components\HorizontalSidebar.jsx
FN:4,HorizontalSidebar
FN:23,(anonymous_1)
FNF:2
FNH:2
FNDA:2,HorizontalSidebar
FNDA:2,(anonymous_1)
DA:5,2
DA:24,2
DA:25,2
LF:3
LH:3
BRDA:6,0,0,1
BRDA:6,0,1,1
BRDA:11,1,0,1
BRDA:11,1,1,1
BRDA:15,2,0,1
BRDA:15,2,1,1
BRDA:16,3,0,1
BRDA:16,3,1,1
BRDA:28,4,0,1
BRDA:28,4,1,1
BRDA:30,5,0,1
BRDA:30,5,1,1
BRF:12
BRH:12
end_of_record
TN:
SF:client\src\components\Menu.jsx
FN:3,DropdownMenu
FN:6,(anonymous_1)
FN:10,(anonymous_2)
FNF:3
FNH:3
FNDA:10,DropdownMenu
FNDA:35,(anonymous_1)
FNDA:5,(anonymous_2)
DA:4,10
DA:7,35
DA:11,5
DA:12,5
LF:4
LH:4
BRDA:15,0,0,35
BRDA:15,0,1,32
BRF:2
BRH:2
end_of_record
TN:
SF:client\src\components\MenuButton.jsx
FN:5,MenuButton
FN:11,(anonymous_1)
FN:12,(anonymous_2)
FN:23,(anonymous_3)
FN:26,(anonymous_4)
FN:40,(anonymous_5)
FN:42,(anonymous_6)
FN:50,(anonymous_7)
FN:65,(anonymous_8)
FNF:9
FNH:9
FNDA:20,MenuButton
FNDA:7,(anonymous_1)
FNDA:14,(anonymous_2)
FNDA:7,(anonymous_3)
FNDA:15,(anonymous_4)
FNDA:76,(anonymous_5)
FNDA:4,(anonymous_6)
FNDA:4,(anonymous_7)
FNDA:4,(anonymous_8)
DA:6,20
DA:7,20
DA:8,20
DA:9,20
DA:11,20
DA:12,7
DA:13,14
DA:19,0
DA:22,7
DA:23,7
DA:26,20
DA:27,15
DA:28,4
DA:29,4
DA:36,20
DA:40,76
DA:43,4
DA:44,4
DA:48,20
DA:50,4
DA:65,4
LF:21
LH:20
BRDA:5,0,0,20
BRDA:13,1,0,0
BRDA:13,1,1,14
BRDA:14,2,0,14
BRDA:14,2,1,14
BRDA:14,2,2,10
BRDA:14,2,3,4
BRDA:27,3,0,4
BRDA:27,3,1,11
BRDA:27,4,0,15
BRDA:27,4,1,4
BRDA:36,5,0,0
BRDA:36,5,1,20
BRDA:43,6,0,4
BRDA:43,6,1,4
BRDA:53,7,0,20
BRDA:53,7,1,8
BRF:17
BRH:15
end_of_record
TN:
SF:client\src\components\PopUp.jsx
FN:3,PopUp
FN:6,(anonymous_1)
FNF:2
FNH:2
FNDA:4,PopUp
FNDA:1,(anonymous_1)
DA:4,4
DA:6,1
LF:2
LH:2
BRDA:11,0,0,4
BRDA:11,0,1,4
BRDA:13,1,0,4
BRDA:13,1,1,4
BRF:4
BRH:4
end_of_record
TN:
SF:client\src\components\Sidebar.jsx
FN:55,Sidebar
FN:59,(anonymous_1)
FN:62,(anonymous_2)
FN:71,(anonymous_3)
FN:81,(anonymous_4)
FN:91,(anonymous_5)
FN:97,(anonymous_6)
FN:103,(anonymous_7)
FNF:8
FNH:7
FNDA:8,Sidebar
FNDA:3,(anonymous_1)
FNDA:0,(anonymous_2)
FNDA:1,(anonymous_3)
FNDA:1,(anonymous_4)
FNDA:1,(anonymous_5)
FNDA:1,(anonymous_6)
FNDA:1,(anonymous_7)
DA:12,1
DA:56,8
DA:57,8
DA:59,8
DA:60,3
DA:62,8
DA:63,0
DA:66,8
DA:71,1
DA:81,1
DA:91,1
DA:97,1
DA:104,1
DA:105,1
LF:14
LH:13
BRDA:111,0,0,8
BRDA:111,0,1,3
BRF:2
BRH:2
end_of_record
TN:
SF:client\src\components\Square.jsx
FN:3,Square
FNF:1
FNH:1
FNDA:13,Square
DA:4,13
DA:5,13
LF:2
LH:2
BRDA:7,0,0,1
BRDA:7,0,1,12
BRDA:8,1,0,2
BRDA:8,1,1,11
BRF:4
BRH:4
end_of_record
TN:
SF:client\src\components\Star.jsx
FN:5,StarToggle
FN:8,(anonymous_1)
FN:9,(anonymous_2)
FNF:3
FNH:3
FNDA:7,StarToggle
FNDA:2,(anonymous_1)
FNDA:2,(anonymous_2)
DA:6,7
DA:8,7
DA:9,2
DA:12,7
LF:4
LH:4
BRDA:24,0,0,6
BRDA:24,0,1,1
BRF:2
BRH:2
end_of_record
TN:
SF:client\src\components\TableSection.jsx
FN:25,EditableCell
FN:30,(anonymous_1)
FN:34,(anonymous_2)
FN:41,(anonymous_3)
FN:47,(anonymous_4)
FN:64,(anonymous_5)
FN:78,(anonymous_6)
FN:80,(anonymous_7)
FN:96,(anonymous_8)
FN:98,(anonymous_9)
FN:106,TableSection
FN:127,(anonymous_11)
FN:129,(anonymous_12)
FN:130,(anonymous_13)
FN:139,(anonymous_14)
FN:142,(anonymous_15)
FN:146,(anonymous_16)
FN:149,(anonymous_17)
FN:157,(anonymous_18)
FN:166,(anonymous_19)
FN:204,(anonymous_20)
FN:213,(anonymous_21)
FN:224,(anonymous_22)
FN:235,(anonymous_23)
FN:241,(anonymous_24)
FN:247,(anonymous_25)
FN:258,(anonymous_26)
FN:259,(anonymous_27)
FN:271,(anonymous_28)
FN:276,(anonymous_29)
FN:277,(anonymous_30)
FN:280,(anonymous_31)
FN:318,(anonymous_32)
FN:332,(anonymous_33)
FN:339,(anonymous_34)
FN:343,(anonymous_35)
FN:347,(anonymous_36)
FN:351,(anonymous_37)
FN:363,(anonymous_38)
FN:364,(anonymous_39)
FN:386,(anonymous_40)
FN:393,(anonymous_41)
FN:413,(anonymous_42)
FN:429,(anonymous_43)
FN:439,(anonymous_44)
FN:451,(anonymous_45)
FN:465,(anonymous_46)
FN:477,(anonymous_47)
FN:488,(anonymous_48)
FN:500,(anonymous_49)
FNF:50
FNH:19
FNDA:43,EditableCell
FNDA:8,(anonymous_1)
FNDA:22,(anonymous_2)
FNDA:9,(anonymous_3)
FNDA:1,(anonymous_4)
FNDA:1,(anonymous_5)
FNDA:13,(anonymous_6)
FNDA:13,(anonymous_7)
FNDA:0,(anonymous_8)
FNDA:0,(anonymous_9)
FNDA:4,TableSection
FNDA:1,(anonymous_11)
FNDA:1,(anonymous_12)
FNDA:1,(anonymous_13)
FNDA:0,(anonymous_14)
FNDA:1,(anonymous_15)
FNDA:1,(anonymous_16)
FNDA:1,(anonymous_17)
FNDA:0,(anonymous_18)
FNDA:0,(anonymous_19)
FNDA:0,(anonymous_20)
FNDA:0,(anonymous_21)
FNDA:0,(anonymous_22)
FNDA:0,(anonymous_23)
FNDA:0,(anonymous_24)
FNDA:0,(anonymous_25)
FNDA:1,(anonymous_26)
FNDA:1,(anonymous_27)
FNDA:0,(anonymous_28)
FNDA:0,(anonymous_29)
FNDA:0,(anonymous_30)
FNDA:0,(anonymous_31)
FNDA:4,(anonymous_32)
FNDA:1,(anonymous_33)
FNDA:0,(anonymous_34)
FNDA:0,(anonymous_35)
FNDA:0,(anonymous_36)
FNDA:0,(anonymous_37)
FNDA:0,(anonymous_38)
FNDA:0,(anonymous_39)
FNDA:0,(anonymous_40)
FNDA:0,(anonymous_41)
FNDA:0,(anonymous_42)
FNDA:0,(anonymous_43)
FNDA:0,(anonymous_44)
FNDA:0,(anonymous_45)
FNDA:0,(anonymous_46)
FNDA:0,(anonymous_47)
FNDA:0,(anonymous_48)
FNDA:0,(anonymous_49)
DA:15,1
DA:17,1
DA:26,43
DA:27,43
DA:28,43
DA:30,43
DA:31,8
DA:34,43
DA:35,22
DA:36,14
DA:37,14
DA:38,14
DA:41,43
DA:42,9
DA:43,0
DA:47,43
DA:48,1
DA:49,1
DA:53,43
DA:54,20
DA:60,23
DA:61,9
DA:64,1
DA:72,14
DA:73,14
DA:78,13
DA:81,13
DA:82,1
DA:83,1
DA:91,0
DA:96,0
DA:99,0
DA:117,4
DA:122,4
DA:123,4
DA:124,4
DA:125,4
DA:127,4
DA:128,1
DA:129,1
DA:131,1
DA:132,1
DA:133,1
DA:134,1
DA:136,0
DA:139,0
DA:142,4
DA:143,1
DA:146,4
DA:147,1
DA:149,1
DA:153,1
DA:157,4
DA:158,0
DA:159,0
DA:160,0
DA:162,0
DA:166,4
DA:167,0
DA:168,0
DA:176,0
DA:178,0
DA:179,0
DA:180,0
DA:182,0
DA:185,0
DA:186,0
DA:191,4
DA:204,4
DA:205,0
DA:206,0
DA:207,0
DA:208,0
DA:209,0
DA:213,4
DA:214,0
DA:219,0
DA:220,0
DA:224,4
DA:225,0
DA:230,0
DA:231,0
DA:235,4
DA:236,0
DA:239,0
DA:241,0
DA:242,0
DA:243,0
DA:247,4
DA:248,0
DA:249,0
DA:254,0
DA:255,0
DA:258,4
DA:259,1
DA:260,1
DA:262,1
DA:263,1
DA:266,4
DA:271,0
DA:276,0
DA:277,0
DA:280,0
DA:319,4
DA:320,4
DA:321,4
DA:323,4
DA:332,1
DA:339,0
DA:343,0
DA:347,0
DA:351,0
DA:363,0
DA:365,0
DA:366,0
DA:367,0
DA:368,0
DA:369,0
DA:370,0
DA:373,0
DA:374,0
DA:375,0
DA:377,0
DA:379,0
DA:382,0
DA:383,0
DA:384,0
DA:385,0
DA:386,0
DA:388,0
DA:391,0
DA:393,0
DA:394,0
DA:396,0
DA:397,0
DA:398,0
DA:405,0
DA:406,0
DA:414,0
DA:417,0
DA:420,0
DA:421,0
DA:429,0
DA:440,0
DA:452,0
DA:466,0
DA:478,0
DA:489,0
DA:501,0
LF:149
LH:65
BRDA:25,0,0,4
BRDA:25,1,0,23
BRDA:27,2,0,43
BRDA:27,2,1,0
BRDA:31,3,0,8
BRDA:31,3,1,0
BRDA:35,4,0,14
BRDA:35,4,1,8
BRDA:35,5,0,22
BRDA:35,5,1,21
BRDA:42,6,0,0
BRDA:42,6,1,9
BRDA:42,7,0,9
BRDA:42,7,1,5
BRDA:53,8,0,20
BRDA:53,8,1,23
BRDA:60,9,0,9
BRDA:60,9,1,14
BRDA:67,10,0,9
BRDA:67,10,1,0
BRDA:72,11,0,14
BRDA:72,11,1,0
BRDA:81,12,0,1
BRDA:81,12,1,12
BRDA:81,13,0,13
BRDA:81,13,1,1
BRDA:99,14,0,0
BRDA:99,14,1,0
BRDA:115,15,0,0
BRDA:118,16,0,4
BRDA:118,16,1,0
BRDA:122,17,0,4
BRDA:122,17,1,0
BRDA:131,18,0,1
BRDA:131,18,1,0
BRDA:132,19,0,1
BRDA:132,19,1,0
BRDA:133,20,0,1
BRDA:133,20,1,0
BRDA:134,21,0,1
BRDA:134,21,1,0
BRDA:143,22,0,1
BRDA:143,22,1,0
BRDA:147,23,0,1
BRDA:147,23,1,0
BRDA:159,24,0,0
BRDA:159,24,1,0
BRDA:178,25,0,0
BRDA:178,25,1,0
BRDA:182,26,0,0
BRDA:182,26,1,0
BRDA:206,27,0,0
BRDA:206,27,1,0
BRDA:209,28,0,0
BRDA:209,28,1,0
BRDA:239,29,0,0
BRDA:239,29,1,0
BRDA:260,30,0,1
BRDA:260,30,1,0
BRDA:326,31,0,0
BRDA:326,31,1,4
BRDA:361,32,0,4
BRDA:361,32,1,0
BRDA:379,33,0,0
BRDA:379,33,1,0
BRDA:384,34,0,0
BRDA:384,34,1,0
BRDA:388,35,0,0
BRDA:388,35,1,0
BRDA:394,36,0,0
BRDA:394,36,1,0
BRDA:396,37,0,0
BRDA:396,37,1,0
BRDA:397,38,0,0
BRDA:397,38,1,0
BRDA:405,39,0,0
BRDA:405,39,1,0
BRDA:424,40,0,4
BRDA:424,40,1,0
BRDA:456,41,0,4
BRDA:456,41,1,0
BRDA:469,42,0,4
BRDA:469,42,1,0
BRDA:480,43,0,4
BRDA:480,43,1,0
BRDA:492,44,0,4
BRDA:492,44,1,0
BRDA:504,45,0,4
BRDA:504,45,1,0
BRF:89
BRH:38
end_of_record
TN:
SF:client\src\components\TagInput.jsx
FN:4,TagInput
FN:8,(anonymous_1)
FN:16,(anonymous_2)
FN:32,(anonymous_3)
FNF:4
FNH:4
FNDA:12,TagInput
FNDA:10,(anonymous_1)
FNDA:1,(anonymous_2)
FNDA:9,(anonymous_3)
DA:5,12
DA:6,12
DA:8,12
DA:9,10
DA:10,1
DA:11,1
DA:12,1
DA:16,12
DA:17,1
DA:20,12
DA:32,9
LF:11
LH:11
BRDA:9,0,0,1
BRDA:9,0,1,9
BRDA:9,1,0,10
BRDA:9,1,1,1
BRDA:9,1,2,1
BRDA:22,2,0,1
BRDA:22,2,1,11
BRF:7
BRH:7
end_of_record
TN:
SF:client\src\components\Textbox.jsx
FN:3,Textbox
FNF:1
FNH:1
FNDA:1,Textbox
DA:4,1
LF:1
LH:1
BRF:0
BRH:0
end_of_record
TN:
SF:client\src\components\UseScaleBlock.jsx
FN:4,UseScaleBlock
FN:14,(anonymous_1)
FN:43,(anonymous_2)
FNF:3
FNH:2
FNDA:3,UseScaleBlock
FNDA:1,(anonymous_1)
FNDA:0,(anonymous_2)
DA:14,3
DA:16,1
DA:21,1
DA:22,1
DA:23,1
DA:24,1
DA:25,1
DA:26,1
DA:27,1
DA:28,1
DA:29,1
DA:30,1
DA:31,1
DA:32,1
DA:33,1
DA:34,1
DA:35,1
DA:36,1
DA:37,1
DA:43,1
DA:44,0
DA:47,3
LF:22
LH:21
BRDA:5,0,0,0
BRDA:6,1,0,0
BRDA:7,2,0,2
BRDA:10,3,0,2
BRDA:35,4,0,1
BRDA:35,4,1,0
BRF:6
BRH:3
end_of_record
TN:
SF:client\src\components\VerticalDropdown.jsx
FN:4,VerticalDropdown
FN:9,(anonymous_1)
FNF:2
FNH:2
FNDA:3,VerticalDropdown
FNDA:2,(anonymous_1)
DA:5,3
DA:7,3
DA:9,2
LF:3
LH:3
BRDA:11,0,0,1
BRDA:11,0,1,2
BRDA:15,1,0,3
BRDA:15,1,1,1
BRF:4
BRH:4
end_of_record
